TN:
SF:/Users/gd/workspace/rust/metorex/src/ast/node.rs
FN:324,Parameter::simple
FN:337,Parameter::with_default
FN:350,Parameter::variadic
FN:363,Parameter::keyword
FN:376,Parameter::named_keyword
FN:393,Parameter::block
FN:406,Parameter::is_simple
FN:415,Parameter::has_default
FN:581,<impl Display for BinaryOp>::fmt
FN:607,<impl Display for UnaryOp>::fmt
FN:619,Expression::position
FN:652,Expression::is_literal
FN:665,Expression::is_identifier
FN:678,Statement::position
FN:707,Statement::is_definition
FN:718,Statement::is_control_flow
FNF:16
FNDA:442,Parameter::simple
FNDA:34,Parameter::with_default
FNDA:12,Parameter::variadic
FNDA:10,Parameter::keyword
FNDA:16,Parameter::named_keyword
FNDA:32,Parameter::block
FNDA:14,Parameter::is_simple
FNDA:14,Parameter::has_default
FNDA:32,<impl Display for BinaryOp>::fmt
FNDA:4,<impl Display for UnaryOp>::fmt
FNDA:3464,Expression::position
FNDA:22,Expression::is_literal
FNDA:12,Expression::is_identifier
FNDA:240,Statement::position
FNDA:48,Statement::is_definition
FNDA:42,Statement::is_control_flow
DA:324,442
DA:337,34
DA:340,34
DA:350,12
DA:363,10
DA:376,16
DA:393,32
DA:406,14
DA:407,28
DA:408,10
DA:409,6
DA:410,2
DA:411,2
DA:415,14
DA:416,28
DA:581,32
DA:582,32
DA:583,4
DA:584,4
DA:585,4
DA:586,4
DA:587,4
DA:588,4
DA:589,4
DA:590,4
DA:591,4
DA:592,4
DA:593,4
DA:594,4
DA:595,4
DA:596,4
DA:597,4
DA:598,4
DA:599,0
DA:600,0
DA:607,4
DA:608,4
DA:609,4
DA:610,4
DA:611,0
DA:619,3464
DA:620,3464
DA:621,4
DA:622,2
DA:623,92
DA:624,0
DA:625,0
DA:626,2
DA:627,2
DA:628,2974
DA:629,48
DA:630,2
DA:631,0
DA:632,14
DA:633,4
DA:634,48
DA:635,132
DA:636,84
DA:637,12
DA:638,4
DA:639,18
DA:640,16
DA:641,2
DA:642,0
DA:643,0
DA:644,4
DA:645,0
DA:646,0
DA:647,3464
DA:652,22
DA:653,10
DA:654,22
DA:665,12
DA:666,6
DA:667,12
DA:678,240
DA:679,240
DA:680,2
DA:681,4
DA:682,28
DA:683,12
DA:684,54
DA:685,12
DA:686,0
DA:687,14
DA:688,8
DA:689,62
DA:690,0
DA:691,2
DA:692,2
DA:693,2
DA:694,8
DA:695,24
DA:696,6
DA:697,0
DA:698,0
DA:699,0
DA:700,0
DA:701,0
DA:702,240
DA:707,48
DA:708,14
DA:709,48
DA:718,42
DA:719,10
DA:720,42
LF:106
LH:89
end_of_record
TN:
SF:/Users/gd/workspace/rust/metorex/src/builtin_classes.rs
FN:41,BuiltinClasses::new
FN:93,BuiltinClasses::class_of
FN:117,BuiltinClasses::is_instance_of
FN:123,BuiltinClasses::is_subclass_of
FN:128,BuiltinClasses::is_subclass_of_static
FN:141,BuiltinClasses::all_classes
FN:166,<impl Default for BuiltinClasses>::default
FN:172,init_object_methods
FN:191,init_string_methods
FN:230,init_array_methods
FN:265,init_float_methods
FN:276,init_hash_methods
FN:319,init_exception_methods
FNF:13
FNDA:1108,BuiltinClasses::new
FNDA:2222,BuiltinClasses::class_of
FNDA:6,BuiltinClasses::is_instance_of
FNDA:20,BuiltinClasses::is_subclass_of
FNDA:46,BuiltinClasses::is_subclass_of_static
FNDA:1052,BuiltinClasses::all_classes
FNDA:2,<impl Default for BuiltinClasses>::default
FNDA:1052,init_object_methods
FNDA:1052,init_string_methods
FNDA:1052,init_array_methods
FNDA:0,init_float_methods
FNDA:1048,init_hash_methods
FNDA:1048,init_exception_methods
DA:41,1108
DA:43,4432
DA:46,4432
DA:47,4432
DA:48,4432
DA:51,4432
DA:52,4432
DA:53,4432
DA:54,4432
DA:57,4432
DA:58,3324
DA:60,1108
DA:62,3324
DA:64,1108
DA:66,3324
DA:68,1108
DA:70,3324
DA:72,1108
DA:93,2222
DA:94,2222
DA:95,28
DA:96,4
DA:97,24
DA:98,52
DA:99,612
DA:100,0
DA:101,1616
DA:102,80
DA:103,4
DA:104,198
DA:105,584
DA:106,392
DA:107,672
DA:108,0
DA:109,156
DA:110,0
DA:111,0
DA:112,88
DA:117,6
DA:118,24
DA:119,24
DA:123,20
DA:124,60
DA:128,46
DA:129,92
DA:130,12
DA:133,60
DA:134,78
DA:137,8
DA:141,1052
DA:142,2104
DA:143,6312
DA:144,6312
DA:145,6312
DA:146,6312
DA:147,6312
DA:148,6312
DA:149,6312
DA:150,6312
DA:151,2104
DA:152,2104
DA:153,2104
DA:155,2104
DA:156,2104
DA:157,2104
DA:159,6312
DA:160,6312
DA:161,1052
DA:166,2
DA:167,2
DA:172,1052
DA:174,7364
DA:175,3156
DA:178,7364
DA:179,3156
DA:182,3156
DA:183,2104
DA:184,3156
DA:185,1052
DA:187,3156
DA:191,1052
DA:193,7364
DA:194,3156
DA:197,7364
DA:198,3156
DA:201,7364
DA:202,3156
DA:205,3156
DA:206,2104
DA:207,3156
DA:208,1052
DA:210,3156
DA:213,7364
DA:214,3156
DA:217,7364
DA:218,3156
DA:221,7364
DA:222,3156
DA:225,7364
DA:226,3156
DA:230,1052
DA:232,7364
DA:233,3156
DA:236,3156
DA:237,2104
DA:238,3156
DA:239,1052
DA:241,3156
DA:244,7364
DA:245,3156
DA:248,3156
DA:249,2104
DA:250,3156
DA:251,1052
DA:253,3156
DA:256,3156
DA:257,2104
DA:258,3156
DA:259,1052
DA:261,3156
DA:265,0
DA:267,0
DA:268,0
DA:269,0
DA:270,0
DA:272,0
DA:276,1048
DA:278,7336
DA:279,3144
DA:282,7336
DA:283,3144
DA:286,3144
DA:287,2096
DA:288,3144
DA:289,1048
DA:291,3144
DA:294,7336
DA:295,3144
DA:298,7336
DA:299,3144
DA:302,7336
DA:303,3144
DA:306,7336
DA:307,3144
DA:310,3144
DA:311,2096
DA:312,3144
DA:313,1048
DA:315,3144
DA:319,1048
DA:321,3144
DA:322,2096
DA:323,3144
DA:324,1048
DA:326,3144
DA:329,7336
DA:330,3144
DA:333,7336
DA:334,3144
DA:337,7336
DA:338,3144
DA:341,7336
DA:342,3144
LF:163
LH:153
end_of_record
TN:
SF:/Users/gd/workspace/rust/metorex/src/callable.rs
FN:19,Callable::arity
FNF:1
FNDA:177,Callable::arity
DA:19,177
DA:20,354
LF:2
LH:2
end_of_record
TN:
SF:/Users/gd/workspace/rust/metorex/src/class.rs
FN:21,Class::new
FN:32,Class::name
FN:37,Class::superclass
FN:42,Class::declare_instance_var
FN:47,Class::has_instance_var
FN:58,Class::instance_variables
FN:70,Class::define_method
FN:75,Class::has_own_method
FN:80,Class::find_method
FN:91,Class::method_names
FN:98,Class::set_class_var
FN:103,Class::get_class_var
FN:109,<impl Clone for Class>::clone
FN:121,<impl PartialEq for Class>::eq
FNF:14
FNDA:14793,Class::new
FNDA:2708,Class::name
FNDA:472,Class::superclass
FNDA:70,Class::declare_instance_var
FNDA:20,Class::has_instance_var
FNDA:2,Class::instance_variables
FNDA:31018,Class::define_method
FNDA:4,Class::has_own_method
FNDA:3046,Class::find_method
FNDA:30,Class::method_names
FNDA:28,Class::set_class_var
FNDA:326,Class::get_class_var
FNDA:0,<impl Clone for Class>::clone
FNDA:0,<impl PartialEq for Class>::eq
DA:21,14793
DA:23,44379
DA:25,44379
DA:26,44379
DA:27,14793
DA:32,2708
DA:33,2708
DA:37,472
DA:38,1416
DA:42,70
DA:43,210
DA:47,20
DA:48,40
DA:49,10
DA:52,10
DA:54,22
DA:58,2
DA:59,4
DA:60,2
DA:65,2
DA:66,2
DA:70,31018
DA:71,124072
DA:75,4
DA:76,8
DA:80,3046
DA:81,7130
DA:82,1038
DA:85,2008
DA:87,4276
DA:91,30
DA:92,120
DA:93,30
DA:94,30
DA:98,28
DA:99,112
DA:103,326
DA:104,978
DA:109,0
DA:111,0
DA:112,0
DA:113,0
DA:114,0
DA:115,0
DA:121,0
DA:122,0
DA:123,0
DA:126,0
DA:127,0
DA:128,0
DA:129,0
DA:133,0
DA:134,0
DA:135,0
DA:136,0
DA:140,0
DA:141,0
DA:142,0
DA:143,0
DA:145,0
DA:146,0
DA:149,0
DA:150,0
DA:151,0
DA:153,0
DA:154,0
DA:155,0
DA:156,0
DA:157,0
DA:158,0
LF:70
LH:38
end_of_record
TN:
SF:/Users/gd/workspace/rust/metorex/src/environment.rs
FN:22,Environment::new
FN:32,Environment::push_scope
FN:42,Environment::pop_scope
FN:53,Environment::current_scope
FN:59,Environment::current_depth
FN:64,Environment::global_scope
FN:69,Environment::define
FN:74,Environment::get
FN:80,Environment::set
FN:85,Environment::get_at
FN:90,Environment::set_at
FN:96,Environment::current_scope_vars
FN:102,Environment::current_scope_var_refs
FN:110,Environment::define_shared
FN:115,Environment::get_ref
FN:121,<impl Default for Environment>::default
FNF:16
FNDA:1084,Environment::new
FNDA:2296,Environment::push_scope
FNDA:2282,Environment::pop_scope
FNDA:38686,Environment::current_scope
FNDA:66,Environment::current_depth
FNDA:4,Environment::global_scope
FNDA:25360,Environment::define
FNDA:8056,Environment::get
FNDA:1860,Environment::set
FNDA:8,Environment::get_at
FNDA:2,Environment::set_at
FNDA:0,Environment::current_scope_vars
FNDA:124,Environment::current_scope_var_refs
FNDA:3264,Environment::define_shared
FNDA:10,Environment::get_ref
FNDA:2,<impl Default for Environment>::default
DA:22,1084
DA:23,4336
DA:25,1084
DA:32,2296
DA:33,6888
DA:34,11480
DA:35,6888
DA:36,2296
DA:42,2282
DA:43,2282
DA:45,2
DA:48,2280
DA:49,4560
DA:53,38686
DA:54,77372
DA:59,66
DA:60,66
DA:64,4
DA:65,8
DA:69,25360
DA:70,76080
DA:74,8056
DA:75,16112
DA:80,1860
DA:81,5580
DA:85,8
DA:86,24
DA:90,2
DA:91,8
DA:96,0
DA:97,0
DA:102,124
DA:105,124
DA:110,3264
DA:111,9792
DA:115,10
DA:116,20
DA:121,2
DA:122,2
LF:39
LH:37
end_of_record
TN:
SF:/Users/gd/workspace/rust/metorex/src/error.rs
FN:25,SourceLocation::new
FN:35,SourceLocation::with_filename
FN:46,<impl Display for SourceLocation>::fmt
FN:66,StackFrame::new
FN:75,<impl Display for StackFrame>::fmt
FN:126,<impl From for MetorexError>::from
FN:133,MetorexError::syntax_error
FN:141,MetorexError::runtime_error
FN:150,MetorexError::runtime_error_with_trace
FN:163,MetorexError::type_error
FN:173,MetorexError::type_error_with_types
FN:188,MetorexError::internal_error
FN:193,MetorexError::with_stack_frame
FN:212,MetorexError::location
FN:230,reporting::format_error_with_source
FN:258,reporting::extract_source_snippet
FN:293,reporting::format_error_compact
FNF:17
FNDA:1178,SourceLocation::new
FNDA:2,SourceLocation::with_filename
FNDA:876,<impl Display for SourceLocation>::fmt
FNDA:44,StackFrame::new
FNDA:4,<impl Display for StackFrame>::fmt
FNDA:0,<impl From for MetorexError>::from
FNDA:124,MetorexError::syntax_error
FNDA:98,MetorexError::runtime_error
FNDA:2,MetorexError::runtime_error_with_trace
FNDA:10,MetorexError::type_error
FNDA:1,MetorexError::type_error_with_types
FNDA:1,MetorexError::internal_error
FNDA:36,MetorexError::with_stack_frame
FNDA:8,MetorexError::location
FNDA:2,reporting::format_error_with_source
FNDA:2,reporting::extract_source_snippet
FNDA:1,reporting::format_error_compact
DA:25,1178
DA:35,2
DA:40,2
DA:46,876
DA:47,878
DA:48,4
DA:50,1748
DA:66,44
DA:75,4
DA:76,8
DA:126,0
DA:127,0
DA:133,124
DA:135,248
DA:141,98
DA:143,294
DA:145,98
DA:150,2
DA:156,6
DA:163,10
DA:165,30
DA:173,1
DA:180,3
DA:182,2
DA:183,1
DA:188,1
DA:189,1
DA:193,36
DA:194,36
DA:196,18
DA:197,18
DA:198,18
DA:200,54
DA:207,36
DA:212,8
DA:213,8
DA:214,4
DA:215,2
DA:216,6
DA:217,2
DA:230,2
DA:231,4
DA:234,6
DA:237,4
DA:238,6
DA:240,6
DA:241,4
DA:245,3
DA:246,1
DA:248,3
DA:249,3
DA:250,2
DA:254,2
DA:258,2
DA:259,10
DA:261,6
DA:262,0
DA:265,4
DA:266,4
DA:268,4
DA:271,6
DA:274,6
DA:275,2
DA:276,2
DA:277,2
DA:278,2
DA:282,8
DA:283,2
DA:284,2
DA:285,6
DA:286,2
DA:289,2
DA:293,1
DA:294,1
LF:74
LH:71
end_of_record
TN:
SF:/Users/gd/workspace/rust/metorex/src/file_loader.rs
FN:28,find_file_path
FN:81,load_file_source
FN:112,resolve_relative_path
FN:148,parse_file
FNF:4
FNDA:132,find_file_path
FNDA:58,load_file_source
FNDA:44,resolve_relative_path
FNDA:72,parse_file
DA:28,132
DA:30,264
DA:31,76
DA:35,112
DA:36,16
DA:37,24
DA:38,8
DA:43,144
DA:44,48
DA:45,46
DA:49,6
DA:50,2
DA:51,0
DA:55,4
DA:56,4
DA:57,2
DA:58,6
DA:59,6
DA:60,6
DA:61,4
DA:63,2
DA:81,58
DA:82,174
DA:83,156
DA:84,0
DA:85,0
DA:86,0
DA:112,44
DA:117,176
DA:118,0
DA:119,0
DA:121,0
DA:123,0
DA:130,176
DA:132,44
DA:148,72
DA:150,216
DA:153,216
DA:156,216
DA:159,222
DA:162,12
DA:164,6
DA:165,6
DA:166,6
DA:170,0
DA:171,0
DA:172,0
LF:47
LH:36
end_of_record
TN:
SF:/Users/gd/workspace/rust/metorex/src/lexer/mod.rs
FN:22,Lexer<'a>::new
FN:32,Lexer<'a>::current_position
FN:37,Lexer<'a>::advance
FN:53,Lexer<'a>::peek
FN:58,Lexer<'a>::skip_whitespace
FN:69,Lexer<'a>::read_comment
FN:86,Lexer<'a>::read_number
FN:148,Lexer<'a>::is_identifier_start
FN:153,Lexer<'a>::is_identifier_continue
FN:158,Lexer<'a>::read_identifier
FN:184,Lexer<'a>::read_variable
FN:218,Lexer<'a>::read_global_variable
FN:234,Lexer<'a>::keyword_or_identifier
FN:273,Lexer<'a>::read_string
FN:423,Lexer<'a>::peek_token
FN:443,Lexer<'a>::tokenize
FN:457,Lexer<'a>::next_token
FN:674,<impl Iterator for Lexer<'a>>::next
FNF:18
FNDA:1638,Lexer<'a>::new
FNDA:40458,Lexer<'a>::current_position
FNDA:147016,Lexer<'a>::advance
FNDA:243662,Lexer<'a>::peek
FNDA:40458,Lexer<'a>::skip_whitespace
FNDA:514,Lexer<'a>::read_comment
FNDA:2622,Lexer<'a>::read_number
FNDA:24264,Lexer<'a>::is_identifier_start
FNDA:75822,Lexer<'a>::is_identifier_continue
FNDA:14068,Lexer<'a>::read_identifier
FNDA:402,Lexer<'a>::read_variable
FNDA:42,Lexer<'a>::read_global_variable
FNDA:14068,Lexer<'a>::keyword_or_identifier
FNDA:2058,Lexer<'a>::read_string
FNDA:4,Lexer<'a>::peek_token
FNDA:1224,Lexer<'a>::tokenize
FNDA:40458,Lexer<'a>::next_token
FNDA:348,<impl Iterator for Lexer<'a>>::next
DA:22,1638
DA:24,3276
DA:32,40458
DA:33,161832
DA:37,147016
DA:38,294032
DA:39,147016
DA:40,156272
DA:41,9256
DA:42,9256
DA:44,137760
DA:46,147016
DA:48,0
DA:53,243662
DA:54,730986
DA:58,40458
DA:59,116176
DA:60,154050
DA:61,18280
DA:63,39158
DA:69,514
DA:70,1028
DA:72,1028
DA:74,34636
DA:75,17306
DA:76,490
DA:78,50448
DA:79,33632
DA:82,1028
DA:86,2622
DA:87,5244
DA:88,5244
DA:91,11526
DA:92,14630
DA:93,12712
DA:94,3178
DA:95,5726
DA:98,330
DA:99,220
DA:100,220
DA:101,220
DA:103,220
DA:104,330
DA:107,110
DA:108,110
DA:109,110
DA:110,110
DA:113,220
DA:114,220
DA:116,100
DA:117,50
DA:118,100
DA:120,268
DA:121,344
DA:122,368
DA:123,92
DA:125,34
DA:128,50
DA:131,60
DA:134,0
DA:136,2438
DA:140,2622
DA:141,50
DA:143,2572
DA:148,24264
DA:149,58742
DA:153,75822
DA:154,166348
DA:158,14068
DA:159,28136
DA:162,147232
DA:163,206546
DA:164,239128
DA:165,59782
DA:167,13600
DA:172,27668
DA:173,27112
DA:175,368
DA:176,92
DA:180,42204
DA:184,402
DA:186,804
DA:189,402
DA:190,44
DA:192,44
DA:193,236
DA:194,326
DA:195,408
DA:196,102
DA:198,10
DA:201,22
DA:204,760
DA:205,4294
DA:206,6024
DA:207,7216
DA:208,1804
DA:210,306
DA:213,380
DA:218,42
DA:220,84
DA:221,84
DA:222,448
DA:223,624
DA:224,752
DA:225,188
DA:227,30
DA:230,42
DA:234,14068
DA:235,14068
DA:236,14622
DA:237,13770
DA:238,13358
DA:239,13194
DA:240,13366
DA:241,12882
DA:242,12896
DA:243,12862
DA:244,12884
DA:245,14188
DA:246,11526
DA:247,11396
DA:248,11310
DA:249,11104
DA:250,11182
DA:251,10974
DA:252,10968
DA:253,10966
DA:254,11008
DA:255,10942
DA:256,11152
DA:257,11088
DA:258,10384
DA:259,9968
DA:260,9944
DA:261,9942
DA:262,9942
DA:263,9906
DA:264,9874
DA:265,9940
DA:266,9828
DA:267,9770
DA:268,9678
DA:273,2058
DA:274,4116
DA:275,4116
DA:276,4116
DA:279,4116
DA:281,0
DA:282,40976
DA:283,0
DA:284,6
DA:285,6
DA:286,6
DA:289,0
DA:290,2
DA:291,2
DA:292,2
DA:295,24576
DA:297,4096
DA:300,4076
DA:301,340
DA:302,128
DA:304,276
DA:306,1772
DA:309,0
DA:311,60
DA:312,30
DA:313,6
DA:314,18
DA:315,6
DA:317,4
DA:318,12
DA:319,4
DA:321,2
DA:322,6
DA:323,2
DA:325,4
DA:326,12
DA:327,4
DA:329,8
DA:330,24
DA:331,8
DA:333,2
DA:334,6
DA:335,2
DA:337,2
DA:339,6
DA:340,2
DA:342,4
DA:344,6
DA:345,8
DA:346,2
DA:348,0
DA:349,0
DA:350,0
DA:351,0
DA:356,322
DA:358,644
DA:359,322
DA:361,640
DA:364,604
DA:365,1136
DA:366,284
DA:370,640
DA:371,640
DA:373,0
DA:374,2702
DA:375,0
DA:376,2
DA:377,2
DA:378,2
DA:381,0
DA:382,0
DA:383,0
DA:384,0
DA:387,0
DA:388,0
DA:389,0
DA:390,0
DA:392,0
DA:393,318
DA:394,318
DA:395,636
DA:396,954
DA:397,318
DA:399,0
DA:400,0
DA:403,4764
DA:404,9528
DA:405,2382
DA:411,2
DA:414,36160
DA:415,72320
DA:416,18080
DA:423,4
DA:425,12
DA:426,8
DA:427,8
DA:428,8
DA:431,12
DA:434,4
DA:435,4
DA:436,4
DA:437,4
DA:439,4
DA:443,1224
DA:444,2448
DA:445,0
DA:446,114528
DA:447,38176
DA:448,3672
DA:449,1224
DA:451,110856
DA:453,1224
DA:457,40458
DA:459,80916
DA:461,121374
DA:464,79616
DA:465,24264
DA:466,0
DA:467,18512
DA:468,27768
DA:470,0
DA:471,1542
DA:472,1542
DA:474,20626
DA:475,7866
DA:476,7866
DA:478,4116
DA:479,8192
DA:480,10
DA:483,30
DA:486,0
DA:487,1206
DA:488,1206
DA:490,0
DA:491,126
DA:492,126
DA:494,76664
DA:495,42204
DA:496,42204
DA:499,0
DA:500,696
DA:501,348
DA:502,24
DA:503,36
DA:505,1008
DA:508,0
DA:509,136
DA:510,68
DA:511,8
DA:512,12
DA:513,64
DA:514,60
DA:515,90
DA:517,102
DA:520,0
DA:521,228
DA:522,114
DA:523,12
DA:524,18
DA:526,324
DA:529,0
DA:530,32
DA:531,16
DA:532,8
DA:533,12
DA:535,36
DA:538,0
DA:539,40
DA:540,60
DA:542,0
DA:543,3544
DA:544,1772
DA:545,160
DA:546,240
DA:547,1692
DA:548,348
DA:549,522
DA:551,4554
DA:554,0
DA:555,72
DA:556,36
DA:557,8
DA:558,12
DA:560,96
DA:563,0
DA:564,176
DA:565,88
DA:566,8
DA:567,12
DA:569,252
DA:572,0
DA:573,104
DA:574,52
DA:575,28
DA:576,42
DA:578,114
DA:582,0
DA:583,2844
DA:584,4266
DA:586,0
DA:587,2804
DA:588,4206
DA:590,0
DA:591,340
DA:592,510
DA:594,0
DA:595,336
DA:596,504
DA:598,0
DA:599,996
DA:600,1494
DA:602,0
DA:603,992
DA:604,1488
DA:606,0
DA:607,2300
DA:608,3450
DA:610,0
DA:611,3228
DA:613,1614
DA:614,136
DA:616,68
DA:617,44
DA:618,66
DA:620,138
DA:623,4638
DA:626,0
DA:627,544
DA:628,272
DA:629,24
DA:630,36
DA:632,780
DA:635,0
DA:636,12
DA:637,18
DA:639,0
DA:640,820
DA:641,410
DA:642,64
DA:643,96
DA:645,1134
DA:648,0
DA:649,140
DA:650,70
DA:651,72
DA:652,108
DA:654,102
DA:657,0
DA:659,8
DA:660,12
DA:664,3900
DA:674,348
DA:675,1044
DA:676,348
DA:677,32
DA:679,316
LF:398
LH:348
end_of_record
TN:
SF:/Users/gd/workspace/rust/metorex/src/lexer/token.rs
FN:21,Position::new
FN:133,Token::new
FN:139,<impl Display for TokenKind>::fmt
FN:245,<impl Display for Token>::fmt
FNF:4
FNDA:45800,Position::new
FNDA:40476,Token::new
FNDA:90,<impl Display for TokenKind>::fmt
FNDA:8,<impl Display for Token>::fmt
DA:21,45800
DA:133,40476
DA:139,90
DA:140,90
DA:142,8
DA:143,4
DA:144,4
DA:145,0
DA:146,4
DA:147,0
DA:148,4
DA:149,0
DA:150,0
DA:151,4
DA:152,4
DA:153,0
DA:154,0
DA:155,0
DA:156,0
DA:157,0
DA:158,0
DA:159,0
DA:160,0
DA:161,0
DA:162,0
DA:163,0
DA:164,0
DA:165,0
DA:166,0
DA:167,0
DA:168,0
DA:169,0
DA:170,0
DA:173,18
DA:174,12
DA:175,12
DA:176,0
DA:177,0
DA:178,0
DA:179,0
DA:180,0
DA:181,0
DA:184,0
DA:186,4
DA:187,4
DA:188,4
DA:191,6
DA:192,0
DA:193,0
DA:194,0
DA:197,4
DA:198,4
DA:199,4
DA:200,4
DA:201,4
DA:202,4
DA:203,0
DA:204,4
DA:205,4
DA:206,4
DA:207,4
DA:208,4
DA:209,4
DA:210,0
DA:211,0
DA:212,0
DA:213,0
DA:216,4
DA:217,4
DA:218,4
DA:219,4
DA:220,4
DA:221,4
DA:222,4
DA:223,4
DA:224,0
DA:225,0
DA:226,4
DA:227,4
DA:228,0
DA:229,0
DA:230,0
DA:231,0
DA:232,0
DA:233,0
DA:236,4
DA:237,4
DA:238,6
DA:239,4
DA:245,8
DA:246,8
DA:247,8
LF:92
LH:47
end_of_record
TN:
SF:/Users/gd/workspace/rust/metorex/src/lib.rs
FN:20,version
FNF:1
FNDA:1,version
DA:20,1
DA:21,1
LF:2
LH:2
end_of_record
TN:
SF:/Users/gd/workspace/rust/metorex/src/main.rs
FN:12,main
FNF:1
FNDA:120,main
DA:12,120
DA:13,480
DA:16,480
DA:17,0
DA:18,0
DA:19,0
DA:20,0
DA:21,0
DA:24,0
DA:25,0
DA:26,0
DA:29,0
DA:33,240
DA:36,240
DA:37,240
DA:38,0
DA:39,0
DA:40,0
DA:45,240
DA:46,240
DA:47,0
DA:48,0
DA:49,0
DA:54,360
DA:55,360
DA:58,360
DA:59,240
DA:60,240
DA:61,0
DA:62,0
DA:63,0
DA:64,0
DA:66,0
DA:71,240
DA:74,480
DA:75,360
DA:77,240
DA:78,0
DA:79,0
LF:39
LH:17
end_of_record
TN:
SF:/Users/gd/workspace/rust/metorex/src/object/binding.rs
FN:18,Binding::new
FN:23,Binding::get
FN:28,Binding::keys
FNF:3
FNDA:2,Binding::new
FNDA:0,Binding::get
FNDA:0,Binding::keys
DA:18,2
DA:23,0
DA:24,0
DA:28,0
DA:29,0
LF:5
LH:1
end_of_record
TN:
SF:/Users/gd/workspace/rust/metorex/src/object/block.rs
FN:27,BlockStatement::new
FN:40,BlockStatement::captured_vars
FN:45,BlockStatement::call
FN:56,<impl Callable for BlockStatement>::name
FN:60,<impl Callable for BlockStatement>::parameters
FN:64,<impl Callable for BlockStatement>::body
FNF:6
FNDA:424,BlockStatement::new
FNDA:1060,BlockStatement::captured_vars
FNDA:174,BlockStatement::call
FNDA:176,<impl Callable for BlockStatement>::name
FNDA:1228,<impl Callable for BlockStatement>::parameters
FNDA:1052,<impl Callable for BlockStatement>::body
DA:27,424
DA:40,1060
DA:41,1060
DA:45,174
DA:51,870
DA:56,176
DA:57,176
DA:60,1228
DA:61,1228
DA:64,1052
DA:65,1052
LF:11
LH:11
end_of_record
TN:
SF:/Users/gd/workspace/rust/metorex/src/object/constructors.rs
FN:12,Object::string
FN:17,Object::empty_array
FN:22,Object::array
FN:27,Object::empty_dict
FN:32,Object::dict
FN:37,Object::empty_set
FN:42,Object::instance
FN:47,Object::exception
FN:55,Object::exception_with_cause
FN:68,Object::ok
FN:73,Object::err
FNF:11
FNDA:630,Object::string
FNDA:16,Object::empty_array
FNDA:60,Object::array
FNDA:12,Object::empty_dict
FNDA:2,Object::dict
FNDA:4,Object::empty_set
FNDA:6,Object::instance
FNDA:108,Object::exception
FNDA:0,Object::exception_with_cause
FNDA:2,Object::ok
FNDA:2,Object::err
DA:12,630
DA:13,1260
DA:17,16
DA:18,32
DA:22,60
DA:23,120
DA:27,12
DA:28,24
DA:32,2
DA:33,4
DA:37,4
DA:38,8
DA:42,6
DA:43,18
DA:47,108
DA:48,432
DA:49,324
DA:50,108
DA:55,0
DA:60,0
DA:61,0
DA:62,0
DA:63,0
DA:68,2
DA:69,2
DA:73,2
DA:74,2
LF:27
LH:22
end_of_record
TN:
SF:/Users/gd/workspace/rust/metorex/src/object/display.rs
FN:9,<impl Display for Object>::fmt
FNF:1
FNDA:2400,<impl Display for Object>::fmt
DA:9,2400
DA:10,2400
DA:11,56
DA:12,360
DA:13,2538
DA:14,36
DA:15,3522
DA:16,0
DA:17,174
DA:18,348
DA:19,348
DA:20,1380
DA:21,516
DA:22,692
DA:24,1032
DA:26,348
DA:28,18
DA:29,36
DA:30,36
DA:31,120
DA:32,28
DA:33,28
DA:35,56
DA:37,36
DA:39,4
DA:40,8
DA:41,12
DA:43,24
DA:44,0
DA:45,0
DA:46,0
DA:47,6
DA:48,12
DA:49,24
DA:51,2
DA:52,4
DA:53,4
DA:54,4
DA:55,0
DA:56,0
DA:58,0
DA:60,4
DA:62,8
DA:63,6
DA:64,6
DA:66,0
DA:68,4
DA:69,4
DA:70,4
DA:72,4
DA:73,4
DA:75,4
DA:78,2
DA:79,8
LF:54
LH:46
end_of_record
TN:
SF:/Users/gd/workspace/rust/metorex/src/object/exception.rs
FN:18,SourceLocation::new
FN:40,Exception::new
FN:51,Exception::with_backtrace
FN:62,Exception::with_location
FN:77,Exception::with_cause
FN:88,Exception::with_all
FN:105,Exception::exception_chain
FNF:7
FNDA:118,SourceLocation::new
FNDA:142,Exception::new
FNDA:2,Exception::with_backtrace
FNDA:2,Exception::with_location
FNDA:8,Exception::with_cause
FNDA:4,Exception::with_all
FNDA:18,Exception::exception_chain
DA:18,118
DA:40,142
DA:51,2
DA:55,4
DA:62,2
DA:71,2
DA:77,8
DA:83,8
DA:88,4
DA:100,4
DA:105,18
DA:106,54
DA:108,26
DA:109,16
DA:111,24
DA:112,24
DA:115,18
LF:17
LH:17
end_of_record
TN:
SF:/Users/gd/workspace/rust/metorex/src/object/hash.rs
FN:14,ObjectHash::from_object
FNF:1
FNDA:40,ObjectHash::from_object
DA:14,40
DA:15,40
DA:16,0
DA:17,0
DA:19,0
DA:20,0
DA:22,68
DA:23,34
DA:25,0
DA:26,0
DA:28,4
DA:29,2
DA:31,0
DA:32,0
DA:35,4
LF:15
LH:7
end_of_record
TN:
SF:/Users/gd/workspace/rust/metorex/src/object/instance.rs
FN:20,Instance::new
FN:28,Instance::get_var
FN:33,Instance::set_var
FN:38,Instance::is_var_declared
FN:43,Instance::find_method
FN:48,Instance::class_name
FNF:6
FNDA:270,Instance::new
FNDA:434,Instance::get_var
FNDA:308,Instance::set_var
FNDA:12,Instance::is_var_declared
FNDA:10,Instance::find_method
FNDA:14,Instance::class_name
DA:20,270
DA:23,270
DA:28,434
DA:29,1302
DA:33,308
DA:34,1232
DA:38,12
DA:39,24
DA:43,10
DA:44,20
DA:48,14
DA:49,14
LF:12
LH:12
end_of_record
TN:
SF:/Users/gd/workspace/rust/metorex/src/object/method.rs
FN:38,Method::new
FN:53,Method::with_owner
FN:73,Method::with_source_location
FN:93,Method::with_owner_and_location
FN:114,Method::bind
FN:129,Method::is_bound
FN:134,Method::receiver
FN:140,<impl Callable for Method>::name
FN:144,<impl Callable for Method>::parameters
FN:148,<impl Callable for Method>::body
FNF:10
FNDA:31022,Method::new
FNDA:0,Method::with_owner
FNDA:148,Method::with_source_location
FNDA:0,Method::with_owner_and_location
FNDA:4,Method::bind
FNDA:8,Method::is_bound
FNDA:584,Method::receiver
FNDA:2,<impl Callable for Method>::name
FNDA:4,<impl Callable for Method>::parameters
FNDA:758,<impl Callable for Method>::body
DA:38,31022
DA:42,62044
DA:53,0
DA:62,0
DA:66,0
DA:73,148
DA:82,296
DA:87,148
DA:93,0
DA:103,0
DA:107,0
DA:108,0
DA:114,4
DA:116,12
DA:117,12
DA:118,12
DA:119,12
DA:120,12
DA:121,8
DA:122,12
DA:123,12
DA:124,4
DA:129,8
DA:130,16
DA:134,584
DA:135,1168
DA:140,2
DA:141,2
DA:144,4
DA:145,4
DA:148,758
DA:149,758
LF:32
LH:25
end_of_record
TN:
SF:/Users/gd/workspace/rust/metorex/src/object/operations.rs
FN:7,Object::is_truthy
FN:17,Object::is_falsy
FN:22,Object::equals
FN:77,Object::hash
FNF:4
FNDA:16,Object::is_truthy
FNDA:0,Object::is_falsy
FNDA:820,Object::equals
FNDA:914,Object::hash
DA:7,16
DA:8,16
DA:9,2
DA:10,8
DA:12,10
DA:17,0
DA:18,0
DA:22,820
DA:23,1640
DA:24,4
DA:25,30
DA:26,1698
DA:27,28
DA:29,14
DA:31,276
DA:32,64
DA:33,64
DA:34,64
DA:35,64
DA:36,4
DA:38,292
DA:40,44
DA:41,44
DA:42,44
DA:43,44
DA:44,2
DA:46,20
DA:48,158
DA:50,16
DA:51,16
DA:52,16
DA:53,16
DA:54,4
DA:56,38
DA:58,72
DA:59,40
DA:60,30
DA:61,4
DA:64,30
DA:65,30
DA:66,0
DA:67,20
DA:68,20
DA:69,0
DA:70,20
DA:72,30
DA:77,914
DA:81,914
DA:83,16
DA:84,24
DA:85,8
DA:87,8
DA:88,16
DA:89,24
DA:90,8
DA:92,454
DA:93,908
DA:94,1362
DA:95,454
DA:97,8
DA:98,16
DA:100,24
DA:101,8
DA:103,414
DA:104,828
DA:105,1242
DA:106,414
DA:109,22
LF:68
LH:64
end_of_record
TN:
SF:/Users/gd/workspace/rust/metorex/src/object/types.rs
FN:77,Object::type_name
FNF:1
FNDA:168,Object::type_name
DA:77,168
DA:78,168
DA:79,10
DA:80,4
DA:81,46
DA:82,14
DA:83,36
DA:84,0
DA:85,16
DA:86,24
DA:87,8
DA:88,2
DA:89,0
DA:90,0
DA:91,0
DA:92,2
DA:93,2
DA:94,4
DA:95,0
DA:96,0
DA:97,0
LF:21
LH:14
end_of_record
TN:
SF:/Users/gd/workspace/rust/metorex/src/parser/error.rs
FN:17,ErrorHandler::new
FN:25,ErrorHandler::errors
FN:30,ErrorHandler::has_errors
FN:35,ErrorHandler::position_to_location
FN:40,ErrorHandler::error_at_current
FN:46,ErrorHandler::error_at_previous
FN:52,ErrorHandler::report_error
FN:60,ErrorHandler::start_synchronize
FN:66,<impl Default for ErrorHandler>::default
FNF:9
FNDA:1242,ErrorHandler::new
FNDA:84,ErrorHandler::errors
FNDA:944,ErrorHandler::has_errors
FNDA:110,ErrorHandler::position_to_location
FNDA:42,ErrorHandler::error_at_current
FNDA:68,ErrorHandler::error_at_previous
FNDA:110,ErrorHandler::report_error
FNDA:110,ErrorHandler::start_synchronize
FNDA:0,<impl Default for ErrorHandler>::default
DA:17,1242
DA:19,1242
DA:25,84
DA:26,84
DA:30,944
DA:31,944
DA:35,110
DA:36,440
DA:40,42
DA:41,168
DA:42,126
DA:46,68
DA:47,272
DA:48,204
DA:52,110
DA:53,220
DA:54,220
DA:55,220
DA:60,110
DA:61,110
DA:66,0
DA:67,0
LF:22
LH:20
end_of_record
TN:
SF:/Users/gd/workspace/rust/metorex/src/parser/expressions/binary.rs
FN:11,Parser::parse_logical_or
FN:29,Parser::parse_logical_and
FN:47,Parser::parse_equality
FN:70,Parser::parse_comparison
FN:100,Parser::parse_range
FN:119,Parser::parse_term
FN:142,Parser::parse_factor
FNF:7
FNDA:10542,Parser::parse_logical_or
FNDA:10566,Parser::parse_logical_and
FNDA:10598,Parser::parse_equality
FNDA:10666,Parser::parse_comparison
FNDA:10746,Parser::parse_range
FNDA:10774,Parser::parse_term
FNDA:11094,Parser::parse_factor
DA:11,10542
DA:12,31626
DA:14,31452
DA:15,72
DA:16,72
DA:17,48
DA:18,48
DA:19,72
DA:20,48
DA:21,24
DA:25,10460
DA:29,10566
DA:30,31698
DA:32,31548
DA:33,96
DA:34,96
DA:35,64
DA:36,64
DA:37,96
DA:38,64
DA:39,32
DA:43,10484
DA:47,10598
DA:48,31794
DA:50,31752
DA:51,204
DA:52,136
DA:53,68
DA:54,0
DA:57,204
DA:58,136
DA:59,136
DA:60,204
DA:61,136
DA:62,68
DA:66,10516
DA:70,10666
DA:71,31998
DA:73,31992
DA:74,10664
DA:75,10664
DA:76,10664
DA:77,10664
DA:79,240
DA:80,160
DA:81,38
DA:82,32
DA:83,0
DA:84,10
DA:87,240
DA:88,160
DA:89,160
DA:90,240
DA:91,160
DA:92,80
DA:96,10584
DA:100,10746
DA:101,32238
DA:103,31992
DA:104,84
DA:105,56
DA:106,84
DA:107,56
DA:108,84
DA:109,84
DA:110,28
DA:111,28
DA:115,10664
DA:119,10774
DA:120,32322
DA:122,33036
DA:123,960
DA:124,640
DA:125,312
DA:126,8
DA:129,960
DA:130,624
DA:131,624
DA:132,936
DA:133,624
DA:134,312
DA:138,10692
DA:142,11094
DA:143,33282
DA:145,33390
DA:146,354
DA:147,236
DA:148,96
DA:149,6
DA:150,16
DA:153,354
DA:154,236
DA:155,236
DA:156,354
DA:157,236
DA:158,118
DA:162,11012
LF:97
LH:95
end_of_record
TN:
SF:/Users/gd/workspace/rust/metorex/src/parser/expressions/call.rs
FN:11,Parser::parse_call
FN:134,Parser::finish_call
FN:157,Parser::parse_arguments
FN:223,Parser::can_start_argument_for_call
FN:302,Parser::finish_call_without_parens
FNF:5
FNDA:11212,Parser::parse_call
FNDA:454,Parser::finish_call
FNDA:1048,Parser::parse_arguments
FNDA:12326,Parser::can_start_argument_for_call
FNDA:1174,Parser::finish_call_without_parens
DA:11,11212
DA:12,33636
DA:15,43422
DA:17,1816
DA:18,42060
DA:20,3068
DA:21,3056
DA:23,8
DA:24,0
DA:25,0
DA:26,0
DA:27,0
DA:28,0
DA:29,0
DA:30,0
DA:31,0
DA:32,0
DA:33,0
DA:34,0
DA:35,0
DA:36,0
DA:37,0
DA:38,0
DA:39,0
DA:40,0
DA:41,0
DA:42,0
DA:43,0
DA:44,0
DA:45,8
DA:49,6128
DA:50,1188
DA:52,938
DA:56,6128
DA:57,156
DA:58,4440
DA:59,258
DA:61,1394
DA:64,4596
DA:65,3064
DA:66,4596
DA:67,3064
DA:68,3064
DA:69,1532
DA:70,1532
DA:72,37452
DA:74,450
DA:75,600
DA:76,450
DA:77,300
DA:78,450
DA:79,300
DA:80,150
DA:82,37002
DA:84,24
DA:85,24
DA:86,16
DA:87,16
DA:88,0
DA:90,16
DA:91,24
DA:92,8
DA:93,8
DA:95,36978
DA:98,1182
DA:99,4696
DA:101,4
DA:103,19396
DA:104,4970
DA:108,4140
DA:109,12384
DA:110,66
DA:111,88
DA:112,30
DA:114,36
DA:116,44
DA:117,66
DA:118,44
DA:119,22
DA:120,22
DA:123,2048
DA:126,9078
DA:130,11130
DA:134,454
DA:135,1362
DA:138,1784
DA:139,18
DA:140,1320
DA:141,60
DA:143,420
DA:146,1338
DA:148,446
DA:149,1338
DA:150,892
DA:151,446
DA:152,446
DA:157,1048
DA:158,2096
DA:159,2096
DA:161,3144
DA:162,124
DA:163,62
DA:167,2958
DA:170,2256
DA:173,2018
DA:174,444
DA:176,64
DA:177,64
DA:180,64
DA:181,64
DA:182,96
DA:183,96
DA:185,4384
DA:188,2248
DA:190,2248
DA:191,982
DA:196,982
DA:197,40
DA:198,40
DA:199,20
DA:200,20
DA:201,52
DA:203,32
DA:204,32
DA:205,32
DA:207,32
DA:210,20
DA:211,20
DA:215,1964
DA:216,3932
DA:218,978
DA:223,12326
DA:226,18944
DA:227,5708
DA:230,13236
DA:235,3582
DA:236,6618
DA:253,3036
DA:257,5982
DA:258,3582
DA:274,3582
DA:275,2400
DA:280,2364
DA:281,0
DA:283,0
DA:289,2360
DA:290,4
DA:294,2356
DA:295,0
DA:298,1178
DA:302,1174
DA:306,2348
DA:307,3522
DA:308,3522
DA:310,2348
DA:313,1756
DA:314,1184
DA:316,0
DA:317,0
DA:320,0
DA:321,0
DA:322,0
DA:323,0
DA:325,4696
DA:331,3522
DA:332,0
DA:333,0
DA:338,3522
DA:339,0
DA:342,0
DA:343,0
DA:344,0
DA:345,0
DA:346,0
DA:347,0
DA:348,0
DA:349,0
DA:350,0
DA:352,0
DA:356,0
DA:357,0
DA:359,0
DA:360,0
DA:363,0
DA:364,0
DA:365,0
DA:366,0
DA:368,0
DA:370,0
DA:374,1174
DA:375,0
DA:376,0
DA:377,0
DA:378,0
DA:380,0
DA:381,0
DA:382,0
DA:384,0
DA:387,0
DA:388,0
DA:393,4696
DA:394,0
DA:395,3522
DA:396,0
DA:398,1174
DA:401,1174
DA:402,3522
DA:403,2348
DA:404,1174
DA:405,1174
LF:210
LH:144
end_of_record
TN:
SF:/Users/gd/workspace/rust/metorex/src/parser/expressions/mod.rs
FN:16,Parser::parse_expression
FN:21,Parser::parse_expression_with_lambda
FN:26,Parser::parse_arrow_lambda
FN:162,Parser::parse_assignment
FN:167,Parser::parse_block
FN:225,Parser::parse_brace_block
FNF:6
FNDA:4824,Parser::parse_expression
FNDA:5700,Parser::parse_expression_with_lambda
FNDA:5700,Parser::parse_arrow_lambda
FNDA:10542,Parser::parse_assignment
FNDA:68,Parser::parse_block
FNDA:118,Parser::parse_brace_block
DA:16,4824
DA:17,9648
DA:21,5700
DA:22,11400
DA:26,5700
DA:28,17100
DA:29,4
DA:30,4
DA:31,6
DA:34,6
DA:35,2
DA:36,2
DA:39,2
DA:40,4
DA:41,4
DA:42,2
DA:43,2
DA:49,17094
DA:50,84
DA:51,56
DA:53,56
DA:54,56
DA:57,56
DA:58,56
DA:60,56
DA:62,72
DA:63,64
DA:64,56
DA:65,14
DA:67,22
DA:68,22
DA:71,28
DA:72,42
DA:73,8
DA:75,6
DA:80,56
DA:83,46
DA:84,12
DA:85,12
DA:87,18
DA:89,12
DA:90,12
DA:92,18
DA:93,18
DA:94,6
DA:95,6
DA:98,6
DA:99,12
DA:100,12
DA:101,6
DA:102,6
DA:108,44
DA:109,66
DA:113,17076
DA:116,16866
DA:117,36
DA:118,36
DA:121,36
DA:123,18
DA:124,54
DA:127,0
DA:130,0
DA:131,0
DA:133,0
DA:134,0
DA:139,0
DA:144,54
DA:145,54
DA:146,18
DA:147,18
DA:150,18
DA:151,36
DA:152,36
DA:153,36
DA:154,18
DA:158,5604
DA:162,10542
DA:163,21084
DA:167,68
DA:168,136
DA:171,272
DA:172,136
DA:175,272
DA:177,0
DA:178,204
DA:179,136
DA:180,136
DA:182,136
DA:184,144
DA:185,216
DA:186,72
DA:187,288
DA:188,0
DA:190,144
DA:192,144
DA:193,68
DA:198,136
DA:199,272
DA:200,68
DA:202,0
DA:205,136
DA:208,136
DA:209,370
DA:210,312
DA:211,156
DA:214,272
DA:216,68
DA:217,136
DA:218,136
DA:219,68
DA:220,68
DA:225,118
DA:226,236
DA:229,472
DA:230,236
DA:233,472
DA:235,0
DA:236,354
DA:237,176
DA:238,176
DA:240,176
DA:242,200
DA:243,300
DA:244,100
DA:245,400
DA:246,0
DA:248,200
DA:250,200
DA:251,88
DA:256,176
DA:257,352
DA:258,88
DA:260,30
DA:263,236
DA:266,236
DA:267,590
DA:270,472
DA:271,236
DA:274,472
DA:276,118
DA:277,236
DA:278,236
DA:279,118
DA:280,118
LF:144
LH:133
end_of_record
TN:
SF:/Users/gd/workspace/rust/metorex/src/parser/expressions/primary.rs
FN:12,Parser::parse_primary
FN:370,Parser::parse_case_expression
FN:447,Parser::parse_if_expression
FN:523,Parser::parse_unless_expression
FNF:4
FNDA:11212,Parser::parse_primary
FNDA:156,Parser::parse_case_expression
FNDA:16,Parser::parse_if_expression
FNDA:4,Parser::parse_unless_expression
DA:12,11212
DA:13,33636
DA:15,11212
DA:17,4172
DA:18,2086
DA:19,2086
DA:21,32
DA:22,16
DA:23,16
DA:25,3316
DA:26,1658
DA:27,1658
DA:29,262
DA:31,524
DA:32,888
DA:33,626
DA:34,656
DA:35,656
DA:37,298
DA:40,894
DA:41,894
DA:42,894
DA:43,894
DA:44,894
DA:45,298
DA:50,262
DA:51,262
DA:52,262
DA:55,74
DA:56,74
DA:57,74
DA:59,46
DA:60,46
DA:61,46
DA:63,40
DA:64,40
DA:68,11684
DA:69,5842
DA:70,5842
DA:72,712
DA:73,356
DA:74,356
DA:76,0
DA:77,0
DA:78,0
DA:80,48
DA:81,24
DA:82,24
DA:87,248
DA:88,124
DA:89,248
DA:90,124
DA:91,124
DA:93,0
DA:99,120
DA:100,154
DA:101,36
DA:102,72
DA:103,36
DA:109,596
DA:110,596
DA:112,596
DA:114,1848
DA:115,3696
DA:116,1840
DA:118,1840
DA:119,272
DA:124,588
DA:125,1178
DA:127,292
DA:128,292
DA:129,292
DA:135,80
DA:136,80
DA:138,80
DA:140,136
DA:141,204
DA:142,136
DA:145,264
DA:146,60
DA:148,16
DA:149,8
DA:154,132
DA:155,198
DA:156,192
DA:157,128
DA:159,128
DA:160,32
DA:165,72
DA:166,146
DA:168,34
DA:169,34
DA:170,34
DA:176,92
DA:179,184
DA:180,92
DA:183,184
DA:185,4
DA:186,126
DA:187,64
DA:188,64
DA:190,64
DA:192,80
DA:193,120
DA:194,160
DA:195,40
DA:197,0
DA:200,80
DA:201,80
DA:202,32
DA:207,64
DA:208,128
DA:209,32
DA:211,10
DA:215,92
DA:216,92
DA:218,248
DA:219,104
DA:220,156
DA:221,0
DA:223,208
DA:224,104
DA:227,184
DA:229,46
DA:230,92
DA:231,92
DA:232,46
DA:233,46
DA:239,8
DA:242,16
DA:243,0
DA:244,0
DA:246,0
DA:248,0
DA:249,0
DA:250,0
DA:251,0
DA:253,0
DA:256,0
DA:257,0
DA:258,0
DA:263,0
DA:264,0
DA:265,0
DA:267,4
DA:271,8
DA:272,8
DA:274,32
DA:275,16
DA:276,24
DA:277,0
DA:279,32
DA:280,16
DA:283,16
DA:287,4
DA:288,8
DA:289,8
DA:290,4
DA:291,4
DA:297,52
DA:298,52
DA:301,104
DA:302,32
DA:303,32
DA:304,32
DA:306,32
DA:308,12
DA:309,24
DA:310,12
DA:312,12
DA:313,6
DA:318,32
DA:319,64
DA:320,16
DA:323,10
DA:326,26
DA:327,26
DA:328,26
DA:333,468
DA:336,48
DA:339,12
DA:341,108
DA:370,156
DA:374,312
DA:377,624
DA:378,312
DA:381,312
DA:383,904
DA:384,904
DA:385,156
DA:387,592
DA:388,592
DA:391,888
DA:392,592
DA:395,1184
DA:396,16
DA:397,16
DA:399,288
DA:401,592
DA:407,1184
DA:409,376
DA:410,376
DA:413,216
DA:414,216
DA:417,888
DA:418,592
DA:419,592
DA:420,296
DA:421,296
DA:424,592
DA:428,624
DA:429,256
DA:430,384
DA:432,28
DA:435,312
DA:436,624
DA:438,156
DA:439,312
DA:440,312
DA:441,156
DA:442,156
DA:447,16
DA:451,32
DA:452,64
DA:453,32
DA:454,48
DA:455,32
DA:457,32
DA:458,80
DA:460,32
DA:461,48
DA:462,0
DA:464,64
DA:465,32
DA:468,32
DA:469,60
DA:470,8
DA:471,8
DA:472,12
DA:473,8
DA:474,12
DA:475,8
DA:476,8
DA:477,16
DA:478,4
DA:480,8
DA:481,12
DA:482,0
DA:484,16
DA:485,8
DA:487,12
DA:488,8
DA:489,4
DA:490,4
DA:494,64
DA:495,24
DA:496,24
DA:497,60
DA:498,24
DA:499,36
DA:500,0
DA:502,48
DA:503,24
DA:505,12
DA:507,4
DA:510,32
DA:511,64
DA:513,16
DA:514,32
DA:515,32
DA:516,32
DA:517,16
DA:518,16
DA:523,4
DA:527,8
DA:528,16
DA:529,8
DA:530,12
DA:531,8
DA:533,8
DA:534,20
DA:535,8
DA:536,12
DA:537,0
DA:539,16
DA:540,8
DA:543,16
DA:544,8
DA:545,8
DA:546,20
DA:547,8
DA:548,12
DA:549,0
DA:551,16
DA:552,8
DA:554,4
DA:556,0
DA:559,8
DA:560,16
DA:562,4
DA:563,8
DA:564,8
DA:565,4
DA:566,4
LF:304
LH:277
end_of_record
TN:
SF:/Users/gd/workspace/rust/metorex/src/parser/expressions/unary.rs
FN:11,Parser::parse_unary
FNF:1
FNDA:11250,Parser::parse_unary
DA:11,11250
DA:12,33750
DA:13,114
DA:14,76
DA:15,0
DA:16,14
DA:17,24
DA:20,114
DA:21,38
DA:22,76
DA:23,76
DA:24,38
DA:27,22424
LF:13
LH:12
end_of_record
TN:
SF:/Users/gd/workspace/rust/metorex/src/parser/mod.rs
FN:28,Parser::new
FN:37,Parser::peek
FN:42,Parser::peek_ahead
FN:47,Parser::previous
FN:52,Parser::is_at_end
FN:57,Parser::advance
FN:62,Parser::check
FN:67,Parser::match_kind
FN:72,Parser::match_token
FN:77,Parser::expect
FN:87,Parser::skip_whitespace
FN:92,Parser::stream
FN:97,Parser::error_at_current
FN:102,Parser::error_at_previous
FN:108,Parser::report_error
FN:114,Parser::synchronize
FN:142,Parser::parse
FNF:17
FNDA:1242,Parser::new
FNDA:35062,Parser::peek
FNDA:4372,Parser::peek_ahead
FNDA:890,Parser::previous
FNDA:10196,Parser::is_at_end
FNDA:22930,Parser::advance
FNDA:128140,Parser::check
FNDA:5110,Parser::match_kind
FNDA:65546,Parser::match_token
FNDA:5110,Parser::expect
FNDA:45926,Parser::skip_whitespace
FNDA:176,Parser::stream
FNDA:42,Parser::error_at_current
FNDA:68,Parser::error_at_previous
FNDA:110,Parser::report_error
FNDA:110,Parser::synchronize
FNDA:944,Parser::parse
DA:28,1242
DA:30,2484
DA:31,1242
DA:37,35062
DA:38,35062
DA:42,4372
DA:43,8744
DA:47,890
DA:48,890
DA:52,10196
DA:53,20392
DA:57,22930
DA:58,45860
DA:62,128140
DA:63,384420
DA:67,5110
DA:68,15330
DA:72,65546
DA:73,196638
DA:77,5110
DA:78,15330
DA:79,5068
DA:81,126
DA:82,84
DA:87,45926
DA:88,91852
DA:92,176
DA:93,176
DA:97,42
DA:98,168
DA:102,68
DA:103,68
DA:104,204
DA:108,110
DA:109,330
DA:114,110
DA:115,220
DA:117,200
DA:119,90
DA:120,130
DA:123,40
DA:127,90
DA:133,0
DA:134,90
DA:137,180
DA:142,944
DA:143,1888
DA:146,1888
DA:148,4266
DA:150,6644
DA:152,6644
DA:153,0
DA:156,3322
DA:157,12848
DA:158,220
DA:159,440
DA:160,110
DA:165,6644
DA:168,1888
DA:169,84
DA:171,860
LF:61
LH:59
end_of_record
TN:
SF:/Users/gd/workspace/rust/metorex/src/parser/statements/attributes.rs
FN:10,Parser::parse_attr_reader
FN:25,Parser::parse_attr_writer
FN:40,Parser::parse_attr_accessor
FN:55,Parser::parse_symbol_list
FNF:4
FNDA:16,Parser::parse_attr_reader
FNDA:8,Parser::parse_attr_writer
FNDA:14,Parser::parse_attr_accessor
FNDA:38,Parser::parse_symbol_list
DA:10,16
DA:11,32
DA:12,48
DA:14,32
DA:16,48
DA:18,16
DA:19,16
DA:20,16
DA:25,8
DA:26,16
DA:27,24
DA:29,16
DA:31,24
DA:33,8
DA:34,8
DA:35,8
DA:40,14
DA:41,28
DA:42,42
DA:44,28
DA:46,42
DA:48,14
DA:49,14
DA:50,14
DA:55,38
DA:56,76
DA:59,152
DA:60,76
DA:62,38
DA:63,152
DA:64,0
DA:69,124
DA:71,124
DA:72,38
DA:75,48
DA:76,96
DA:77,48
DA:79,24
DA:80,96
DA:81,0
DA:85,38
LF:41
LH:39
end_of_record
TN:
SF:/Users/gd/workspace/rust/metorex/src/parser/statements/class.rs
FN:10,Parser::parse_class_def
FN:62,Parser::parse_module_def
FN:99,Parser::parse_include
FN:117,Parser::parse_extend
FNF:4
FNDA:246,Parser::parse_class_def
FNDA:28,Parser::parse_module_def
FNDA:20,Parser::parse_include
FNDA:8,Parser::parse_extend
DA:10,246
DA:11,1230
DA:12,492
DA:14,488
DA:15,484
DA:16,8
DA:19,484
DA:22,964
DA:23,80
DA:24,40
DA:25,72
DA:26,8
DA:29,202
DA:32,476
DA:35,476
DA:36,238
DA:38,476
DA:39,1708
DA:40,828
DA:41,1242
DA:42,0
DA:44,1656
DA:45,816
DA:49,232
DA:51,930
DA:53,230
DA:54,460
DA:55,460
DA:56,230
DA:57,230
DA:62,28
DA:63,56
DA:64,84
DA:66,56
DA:68,56
DA:69,56
DA:70,0
DA:73,56
DA:75,56
DA:76,28
DA:78,56
DA:79,152
DA:80,64
DA:81,96
DA:82,0
DA:84,128
DA:85,64
DA:88,28
DA:89,112
DA:91,28
DA:92,56
DA:93,28
DA:94,28
DA:99,20
DA:100,40
DA:101,60
DA:103,40
DA:105,40
DA:106,40
DA:107,0
DA:110,20
DA:111,20
DA:112,20
DA:117,8
DA:118,16
DA:119,24
DA:121,16
DA:123,16
DA:124,16
DA:125,0
DA:128,8
DA:129,8
DA:130,8
LF:73
LH:68
end_of_record
TN:
SF:/Users/gd/workspace/rust/metorex/src/parser/statements/control_flow.rs
FN:10,Parser::parse_if_statement
FN:86,Parser::parse_while_statement
FN:118,Parser::parse_for_statement
FN:174,Parser::parse_break_statement
FN:180,Parser::parse_continue_statement
FN:188,Parser::parse_unless_statement
FN:236,Parser::parse_return_statement
FN:267,Parser::parse_case_statement
FN:365,Parser::parse_case_in_body
FN:450,Parser::parse_case_in_pattern
FN:455,Parser::parse_case_in_pattern_inner
FN:531,Parser::parse_case_pattern_with_alternatives
FN:575,Parser::parse_case_pattern
FN:744,Parser::parse_range_pattern_suffix
FNF:14
FNDA:68,Parser::parse_if_statement
FNDA:16,Parser::parse_while_statement
FNDA:10,Parser::parse_for_statement
FNDA:4,Parser::parse_break_statement
FNDA:2,Parser::parse_continue_statement
FNDA:0,Parser::parse_unless_statement
FNDA:2,Parser::parse_return_statement
FNDA:106,Parser::parse_case_statement
FNDA:24,Parser::parse_case_in_body
FNDA:32,Parser::parse_case_in_pattern
FNDA:44,Parser::parse_case_in_pattern_inner
FNDA:460,Parser::parse_case_pattern_with_alternatives
FNDA:660,Parser::parse_case_pattern
FNDA:440,Parser::parse_range_pattern_suffix
DA:10,68
DA:11,340
DA:12,136
DA:14,204
DA:15,136
DA:18,136
DA:19,354
DA:21,144
DA:22,216
DA:23,0
DA:25,288
DA:26,140
DA:30,132
DA:31,294
DA:32,64
DA:33,64
DA:35,96
DA:36,64
DA:38,64
DA:39,128
DA:40,32
DA:42,64
DA:43,96
DA:44,0
DA:46,128
DA:47,64
DA:50,96
DA:51,64
DA:52,32
DA:53,32
DA:58,264
DA:59,60
DA:60,60
DA:61,162
DA:62,68
DA:63,102
DA:64,0
DA:66,136
DA:67,68
DA:69,30
DA:71,36
DA:74,270
DA:76,60
DA:77,120
DA:78,120
DA:79,120
DA:80,60
DA:81,60
DA:86,16
DA:87,80
DA:88,32
DA:90,48
DA:91,32
DA:94,48
DA:95,32
DA:98,32
DA:99,102
DA:100,48
DA:101,72
DA:102,0
DA:104,96
DA:105,44
DA:108,58
DA:110,12
DA:111,24
DA:112,12
DA:113,12
DA:118,10
DA:119,50
DA:120,20
DA:123,30
DA:124,30
DA:125,20
DA:126,10
DA:128,0
DA:129,0
DA:130,0
DA:131,0
DA:132,0
DA:133,0
DA:138,20
DA:141,40
DA:142,20
DA:145,30
DA:146,20
DA:149,30
DA:150,20
DA:153,20
DA:154,62
DA:155,28
DA:156,42
DA:157,0
DA:159,56
DA:160,28
DA:163,40
DA:165,10
DA:166,20
DA:167,20
DA:168,10
DA:169,10
DA:174,4
DA:175,20
DA:176,4
DA:180,2
DA:181,4
DA:182,6
DA:184,2
DA:188,0
DA:189,0
DA:190,0
DA:192,0
DA:194,0
DA:195,0
DA:198,0
DA:199,0
DA:200,0
DA:201,0
DA:202,0
DA:204,0
DA:205,0
DA:209,0
DA:210,0
DA:211,0
DA:212,0
DA:213,0
DA:214,0
DA:215,0
DA:217,0
DA:218,0
DA:220,0
DA:222,0
DA:225,0
DA:227,0
DA:228,0
DA:229,0
DA:230,0
DA:231,0
DA:236,2
DA:237,4
DA:238,6
DA:240,4
DA:243,8
DA:244,4
DA:246,0
DA:248,4
DA:251,2
DA:252,2
DA:253,2
DA:267,106
DA:268,530
DA:269,212
DA:272,318
DA:273,212
DA:276,318
DA:277,96
DA:281,164
DA:283,492
DA:284,492
DA:285,82
DA:287,328
DA:288,328
DA:291,492
DA:292,328
DA:295,492
DA:296,328
DA:299,656
DA:300,0
DA:301,0
DA:303,164
DA:305,328
DA:308,328
DA:309,708
DA:310,190
DA:312,380
DA:313,570
DA:314,0
DA:316,760
DA:317,380
DA:320,492
DA:321,328
DA:322,328
DA:323,164
DA:324,164
DA:329,164
DA:330,246
DA:331,92
DA:332,92
DA:334,92
DA:335,230
DA:336,92
DA:337,138
DA:338,0
DA:340,184
DA:341,92
DA:345,138
DA:346,92
DA:347,92
DA:348,46
DA:349,46
DA:353,164
DA:354,328
DA:356,82
DA:357,164
DA:358,82
DA:359,82
DA:365,24
DA:370,48
DA:373,112
DA:374,112
DA:375,24
DA:377,64
DA:378,64
DA:381,96
DA:382,64
DA:385,128
DA:386,0
DA:387,0
DA:389,32
DA:391,64
DA:394,64
DA:395,144
DA:396,40
DA:398,80
DA:399,120
DA:400,0
DA:402,160
DA:403,80
DA:406,96
DA:407,64
DA:408,64
DA:409,32
DA:410,32
DA:415,48
DA:416,72
DA:417,16
DA:418,16
DA:420,16
DA:421,40
DA:422,16
DA:423,24
DA:424,0
DA:426,32
DA:427,16
DA:430,24
DA:431,16
DA:432,16
DA:433,8
DA:434,8
DA:438,48
DA:439,96
DA:441,24
DA:442,48
DA:443,24
DA:444,24
DA:450,32
DA:451,64
DA:455,44
DA:456,132
DA:458,88
DA:461,8
DA:462,8
DA:463,8
DA:464,44
DA:465,24
DA:466,36
DA:467,0
DA:468,0
DA:469,0
DA:470,0
DA:471,0
DA:473,0
DA:474,0
DA:475,0
DA:476,0
DA:477,0
DA:478,0
DA:483,48
DA:485,24
DA:486,24
DA:487,32
DA:488,16
DA:491,16
DA:492,4
DA:495,80
DA:498,88
DA:501,132
DA:502,56
DA:503,84
DA:504,84
DA:505,56
DA:506,28
DA:508,0
DA:510,28
DA:511,56
DA:512,28
DA:515,16
DA:531,460
DA:535,1380
DA:536,920
DA:539,920
DA:541,418
DA:545,126
DA:547,324
DA:548,132
DA:552,198
DA:553,66
DA:554,66
DA:555,66
DA:556,66
DA:557,66
DA:559,0
DA:562,264
DA:563,132
DA:567,42
DA:568,0
DA:570,42
DA:575,660
DA:576,1980
DA:578,162
DA:581,56
DA:582,56
DA:584,56
DA:587,242
DA:588,124
DA:591,186
DA:592,16
DA:595,24
DA:596,32
DA:597,24
DA:598,16
DA:600,0
DA:601,0
DA:602,0
DA:603,0
DA:604,0
DA:605,0
DA:611,216
DA:614,124
DA:617,124
DA:618,136
DA:619,68
DA:623,112
DA:624,28
DA:629,8
DA:630,8
DA:632,8
DA:635,32
DA:636,16
DA:639,24
DA:640,24
DA:641,16
DA:642,8
DA:643,0
DA:644,0
DA:645,0
DA:646,0
DA:648,0
DA:649,0
DA:650,0
DA:651,0
DA:652,0
DA:653,0
DA:658,16
DA:661,32
DA:662,16
DA:663,16
DA:666,0
DA:669,24
DA:671,16
DA:674,16
DA:675,16
DA:676,8
DA:680,16
DA:681,4
DA:685,364
DA:686,728
DA:687,728
DA:688,728
DA:689,1092
DA:691,10
DA:692,20
DA:693,20
DA:694,20
DA:695,30
DA:697,66
DA:698,198
DA:699,132
DA:700,132
DA:701,198
DA:704,8
DA:705,4
DA:708,8
DA:709,4
DA:712,8
DA:713,4
DA:716,366
DA:717,28
DA:718,14
DA:721,1070
DA:722,294
DA:723,196
DA:724,98
DA:727,64
DA:728,192
DA:729,128
DA:730,64
DA:732,0
DA:733,0
DA:734,0
DA:735,0
DA:736,0
DA:737,0
DA:744,440
DA:748,1320
DA:749,24
DA:750,8
DA:751,24
DA:752,8
DA:753,8
DA:755,1296
DA:756,72
DA:757,24
DA:758,72
DA:759,24
DA:760,24
DA:763,408
LF:426
LH:339
end_of_record
TN:
SF:/Users/gd/workspace/rust/metorex/src/parser/statements/exception.rs
FN:10,Parser::parse_begin_statement
FN:89,Parser::parse_rescue_clause
FN:183,Parser::parse_raise_statement
FNF:3
FNDA:98,Parser::parse_begin_statement
FNDA:110,Parser::parse_rescue_clause
FNDA:106,Parser::parse_raise_statement
DA:10,98
DA:11,490
DA:12,196
DA:15,196
DA:16,432
DA:17,216
DA:18,216
DA:19,216
DA:20,216
DA:21,334
DA:23,236
DA:24,354
DA:25,118
DA:26,118
DA:27,118
DA:28,118
DA:30,0
DA:32,472
DA:33,236
DA:37,196
DA:38,624
DA:39,440
DA:40,220
DA:44,392
DA:45,16
DA:46,16
DA:47,40
DA:48,16
DA:49,24
DA:50,0
DA:52,32
DA:53,16
DA:55,8
DA:57,90
DA:61,392
DA:62,28
DA:63,28
DA:64,70
DA:65,28
DA:66,42
DA:67,0
DA:69,56
DA:70,28
DA:72,14
DA:74,84
DA:77,392
DA:79,98
DA:80,196
DA:81,196
DA:82,196
DA:83,98
DA:84,98
DA:89,110
DA:90,220
DA:94,440
DA:96,220
DA:99,220
DA:100,220
DA:106,392
DA:109,222
DA:110,296
DA:112,148
DA:114,0
DA:117,74
DA:119,148
DA:120,296
DA:121,148
DA:122,148
DA:125,148
DA:126,74
DA:128,0
DA:134,330
DA:135,172
DA:136,258
DA:137,258
DA:138,258
DA:139,86
DA:141,0
DA:142,0
DA:143,0
DA:144,0
DA:145,0
DA:146,0
DA:153,220
DA:154,500
DA:155,250
DA:156,250
DA:157,250
DA:158,250
DA:159,390
DA:161,280
DA:162,420
DA:163,140
DA:164,140
DA:165,140
DA:166,140
DA:168,0
DA:170,560
DA:171,280
DA:174,110
DA:175,220
DA:176,220
DA:177,110
DA:178,110
DA:183,106
DA:184,530
DA:185,212
DA:189,424
DA:190,200
DA:192,8
DA:194,196
DA:197,106
DA:198,106
DA:199,106
LF:114
LH:102
end_of_record
TN:
SF:/Users/gd/workspace/rust/metorex/src/parser/statements/function.rs
FN:10,Parser::parse_function_def
FN:85,Parser::parse_parameters
FNF:2
FNDA:538,Parser::parse_function_def
FNDA:282,Parser::parse_parameters
DA:10,538
DA:11,2690
DA:12,1076
DA:14,1076
DA:15,1044
DA:17,8
DA:18,0
DA:19,0
DA:20,0
DA:21,0
DA:22,8
DA:23,0
DA:24,0
DA:25,0
DA:26,0
DA:27,0
DA:28,0
DA:29,0
DA:32,32
DA:33,24
DA:34,8
DA:36,8
DA:39,0
DA:42,1076
DA:45,2140
DA:46,576
DA:48,256
DA:51,1052
DA:54,1052
DA:55,3216
DA:56,1444
DA:57,2166
DA:58,0
DA:60,2888
DA:61,1432
DA:64,2090
DA:67,510
DA:68,350
DA:69,700
DA:70,700
DA:71,350
DA:72,350
DA:75,160
DA:76,320
DA:77,320
DA:78,160
DA:79,160
DA:85,282
DA:86,564
DA:87,564
DA:89,846
DA:90,12
DA:91,6
DA:95,812
DA:97,812
DA:100,1218
DA:101,64
DA:102,64
DA:103,0
DA:105,160
DA:108,1122
DA:109,0
DA:110,0
DA:111,0
DA:113,0
DA:115,746
DA:116,744
DA:117,4
DA:121,1116
DA:124,16
DA:125,48
DA:126,8
DA:128,16
DA:130,96
DA:132,1068
DA:133,54
DA:134,108
DA:136,1352
DA:140,808
DA:142,808
DA:143,274
DA:147,548
DA:148,1106
DA:150,264
LF:84
LH:66
end_of_record
TN:
SF:/Users/gd/workspace/rust/metorex/src/parser/statements/mod.rs
FN:17,Parser::parse_statement
FNF:1
FNDA:5526,Parser::parse_statement
DA:17,5526
DA:19,11052
DA:21,16578
DA:22,5526
DA:23,492
DA:24,1076
DA:25,136
DA:26,0
DA:27,32
DA:28,20
DA:29,212
DA:30,196
DA:31,212
DA:32,8
DA:33,4
DA:34,4
DA:35,32
DA:36,16
DA:37,28
DA:38,56
DA:39,40
DA:40,16
DA:43,12708
DA:46,12540
DA:47,4180
DA:48,4180
DA:49,4180
DA:50,4180
DA:51,4180
DA:53,4392
DA:54,4392
DA:57,2900
DA:60,8
DA:61,4
DA:62,2
DA:66,0
DA:67,0
DA:68,0
DA:72,8
DA:73,4
DA:74,2
DA:78,0
DA:79,0
DA:80,0
DA:82,1446
DA:86,1450
DA:87,2900
DA:88,1450
DA:89,1450
DA:93,2716
DA:94,2716
DA:95,2716
LF:52
LH:45
end_of_record
TN:
SF:/Users/gd/workspace/rust/metorex/src/parser/token_stream.rs
FN:16,TokenStream::new
FN:21,TokenStream::peek
FN:30,TokenStream::peek_ahead
FN:37,TokenStream::previous
FN:46,TokenStream::is_at_end
FN:51,TokenStream::advance
FN:59,TokenStream::check
FN:67,TokenStream::match_kind
FN:83,TokenStream::match_token
FN:94,TokenStream::skip_newlines
FN:102,TokenStream::skip_comments
FN:109,TokenStream::skip_whitespace
FN:116,TokenStream::tokens
FN:121,TokenStream::current_position
FN:126,TokenStream::restore_position
FNF:15
FNDA:1242,TokenStream::new
FNDA:641348,TokenStream::peek
FNDA:4372,TokenStream::peek_ahead
FNDA:39156,TokenStream::previous
FNDA:242148,TokenStream::is_at_end
FNDA:38266,TokenStream::advance
FNDA:193686,TokenStream::check
FNDA:308590,TokenStream::match_kind
FNDA:65546,TokenStream::match_token
FNDA:0,TokenStream::skip_newlines
FNDA:0,TokenStream::skip_comments
FNDA:45926,TokenStream::skip_whitespace
FNDA:74,TokenStream::tokens
FNDA:102,TokenStream::current_position
FNDA:22,TokenStream::restore_position
DA:16,1242
DA:21,641348
DA:22,1924044
DA:24,0
DA:30,4372
DA:31,8744
DA:32,8744
DA:33,4372
DA:37,39156
DA:38,39156
DA:39,39156
DA:41,0
DA:46,242148
DA:47,475372
DA:51,38266
DA:52,76524
DA:53,38258
DA:55,76532
DA:59,193686
DA:60,387372
DA:61,7880
DA:63,1282052
DA:67,308590
DA:68,617180
DA:69,617180
DA:70,74
DA:71,0
DA:72,0
DA:73,0
DA:74,0
DA:75,0
DA:76,0
DA:77,0
DA:78,308516
DA:83,65546
DA:84,196638
DA:85,11428
DA:86,5714
DA:88,59832
DA:94,0
DA:95,0
DA:102,0
DA:103,0
DA:104,0
DA:109,45926
DA:110,65170
DA:111,9622
DA:116,74
DA:117,74
DA:121,102
DA:122,102
DA:126,22
DA:127,22
LF:53
LH:39
end_of_record
TN:
SF:/Users/gd/workspace/rust/metorex/src/repl.rs
FN:24,Repl::new
FN:34,Repl::run
FN:91,Repl::handle_command
FN:123,Repl::print_help
FN:142,Repl::should_evaluate
FN:176,Repl::evaluate_buffer
FN:211,Repl::format_object
FN:288,Repl::format_error
FN:294,<impl Default for Repl>::default
FNF:9
FNDA:2,Repl::new
FNDA:0,Repl::run
FNDA:0,Repl::handle_command
FNDA:0,Repl::print_help
FNDA:0,Repl::should_evaluate
FNDA:0,Repl::evaluate_buffer
FNDA:32,Repl::format_object
FNDA:0,Repl::format_error
FNDA:0,<impl Default for Repl>::default
DA:24,2
DA:25,4
DA:26,2
DA:27,4
DA:28,2
DA:29,2
DA:34,0
DA:35,0
DA:36,0
DA:37,0
DA:38,0
DA:41,0
DA:42,0
DA:44,0
DA:47,0
DA:48,0
DA:50,0
DA:53,0
DA:54,0
DA:55,0
DA:57,0
DA:61,0
DA:62,0
DA:64,0
DA:67,0
DA:68,0
DA:69,0
DA:72,0
DA:74,0
DA:75,0
DA:79,0
DA:80,0
DA:82,0
DA:83,0
DA:84,0
DA:91,0
DA:92,0
DA:94,0
DA:95,0
DA:96,0
DA:97,0
DA:99,0
DA:100,0
DA:102,0
DA:103,0
DA:104,0
DA:105,0
DA:106,0
DA:107,0
DA:109,0
DA:110,0
DA:111,0
DA:113,0
DA:114,0
DA:115,0
DA:119,0
DA:123,0
DA:124,0
DA:125,0
DA:126,0
DA:127,0
DA:128,0
DA:129,0
DA:130,0
DA:131,0
DA:132,0
DA:133,0
DA:134,0
DA:135,0
DA:136,0
DA:137,0
DA:138,0
DA:142,0
DA:143,0
DA:146,0
DA:147,0
DA:151,0
DA:152,0
DA:153,0
DA:155,0
DA:156,0
DA:157,0
DA:159,0
DA:160,0
DA:161,0
DA:162,0
DA:163,0
DA:164,0
DA:166,0
DA:170,0
DA:176,0
DA:178,0
DA:179,0
DA:182,0
DA:183,0
DA:184,0
DA:185,0
DA:186,0
DA:187,0
DA:189,0
DA:194,0
DA:195,0
DA:197,0
DA:198,0
DA:201,0
DA:204,0
DA:205,0
DA:211,32
DA:212,32
DA:213,4
DA:214,12
DA:215,48
DA:216,2
DA:218,2
DA:219,0
DA:221,4
DA:224,4
DA:225,0
DA:226,2
DA:227,4
DA:228,4
DA:229,6
DA:230,6
DA:232,0
DA:233,0
DA:234,0
DA:236,0
DA:238,0
DA:239,0
DA:241,0
DA:242,0
DA:243,0
DA:244,0
DA:245,0
DA:246,0
DA:247,0
DA:248,0
DA:251,4
DA:252,4
DA:253,4
DA:255,4
DA:256,2
DA:258,4
DA:259,4
DA:262,2
DA:264,4
DA:265,4
DA:269,0
DA:270,0
DA:271,0
DA:273,0
DA:274,0
DA:275,0
DA:277,0
DA:278,0
DA:279,0
DA:281,0
DA:282,0
DA:288,0
DA:289,0
DA:294,0
DA:295,0
LF:162
LH:30
end_of_record
TN:
SF:/Users/gd/workspace/rust/metorex/src/resolver.rs
FN:11,pos_to_loc
FN:45,ResolutionResult::has_errors
FN:70,Resolver::new
FN:81,Resolver::with_strict_mode
FN:88,Resolver::resolve
FN:104,Resolver::collect_all_variables
FN:115,Resolver::check_unused_variables
FN:129,Resolver::push_scope
FN:135,Resolver::pop_scope
FN:143,Resolver::declare
FN:187,Resolver::resolve_variable
FN:208,Resolver::resolve_statement
FN:492,Resolver::resolve_match_case
FN:512,Resolver::resolve_rescue_clause
FN:529,Resolver::resolve_pattern
FN:554,Resolver::resolve_expression
FN:753,<impl Default for Resolver>::default
FNF:17
FNDA:3,pos_to_loc
FNDA:20,ResolutionResult::has_errors
FNDA:20,Resolver::new
FNDA:1,Resolver::with_strict_mode
FNDA:20,Resolver::resolve
FNDA:20,Resolver::collect_all_variables
FNDA:20,Resolver::check_unused_variables
FNDA:10,Resolver::push_scope
FNDA:10,Resolver::pop_scope
FNDA:27,Resolver::declare
FNDA:18,Resolver::resolve_variable
FNDA:42,Resolver::resolve_statement
FNDA:0,Resolver::resolve_match_case
FNDA:0,Resolver::resolve_rescue_clause
FNDA:0,Resolver::resolve_pattern
FNDA:50,Resolver::resolve_expression
FNDA:0,<impl Default for Resolver>::default
DA:11,3
DA:12,12
DA:45,20
DA:46,20
DA:70,20
DA:72,60
DA:74,20
DA:75,20
DA:81,1
DA:82,2
DA:83,1
DA:84,1
DA:88,20
DA:89,82
DA:90,62
DA:94,40
DA:97,60
DA:98,60
DA:99,20
DA:104,20
DA:105,40
DA:106,40
DA:107,80
DA:108,100
DA:111,20
DA:115,20
DA:116,40
DA:117,60
DA:118,41
DA:119,20
DA:120,10
DA:121,10
DA:129,10
DA:130,30
DA:131,10
DA:135,10
DA:136,20
DA:137,20
DA:138,10
DA:143,27
DA:145,54
DA:146,0
DA:147,0
DA:151,0
DA:153,0
DA:157,81
DA:158,27
DA:159,35
DA:160,16
DA:161,6
DA:169,2
DA:175,54
DA:176,54
DA:177,27
DA:178,54
DA:179,27
DA:180,27
DA:181,27
DA:187,18
DA:189,94
DA:190,54
DA:191,14
DA:192,14
DA:197,7
DA:198,12
DA:199,6
DA:200,3
DA:204,4
DA:208,42
DA:209,42
DA:210,24
DA:211,24
DA:214,40
DA:216,60
DA:219,20
DA:220,38
DA:222,19
DA:223,57
DA:225,19
DA:227,0
DA:228,0
DA:233,76
DA:236,1
DA:239,0
DA:241,0
DA:242,0
DA:244,0
DA:246,0
DA:252,4
DA:253,4
DA:254,4
DA:255,4
DA:258,20
DA:261,8
DA:264,5
DA:265,5
DA:266,1
DA:267,0
DA:272,14
DA:273,10
DA:277,8
DA:281,2
DA:284,2
DA:287,1
DA:288,0
DA:289,0
DA:290,0
DA:295,3
DA:296,2
DA:299,2
DA:302,2
DA:304,2
DA:307,3
DA:308,2
DA:311,2
DA:314,5
DA:318,1
DA:319,1
DA:320,1
DA:321,1
DA:324,3
DA:326,2
DA:327,3
DA:328,2
DA:330,2
DA:332,1
DA:333,0
DA:334,0
DA:335,0
DA:336,0
DA:338,0
DA:341,1
DA:342,0
DA:343,0
DA:344,0
DA:346,0
DA:351,0
DA:352,0
DA:353,0
DA:356,0
DA:358,0
DA:359,0
DA:360,0
DA:362,0
DA:364,0
DA:365,0
DA:366,0
DA:367,0
DA:369,0
DA:374,2
DA:376,3
DA:377,2
DA:378,3
DA:379,2
DA:381,2
DA:385,1
DA:386,1
DA:387,1
DA:388,1
DA:390,3
DA:391,2
DA:392,5
DA:393,3
DA:394,2
DA:396,2
DA:399,1
DA:400,3
DA:401,2
DA:405,0
DA:410,0
DA:413,0
DA:415,0
DA:417,0
DA:418,0
DA:423,0
DA:424,0
DA:425,0
DA:426,0
DA:429,0
DA:430,0
DA:431,0
DA:433,0
DA:435,0
DA:436,0
DA:439,0
DA:440,0
DA:441,0
DA:442,0
DA:444,0
DA:447,0
DA:448,0
DA:449,0
DA:450,0
DA:452,0
DA:456,0
DA:457,0
DA:458,0
DA:462,0
DA:463,0
DA:464,0
DA:465,0
DA:467,0
DA:472,0
DA:476,0
DA:477,0
DA:478,0
DA:479,0
DA:481,0
DA:482,0
DA:485,0
DA:492,0
DA:493,0
DA:496,0
DA:499,0
DA:500,0
DA:504,0
DA:505,0
DA:508,0
DA:512,0
DA:513,0
DA:516,0
DA:517,0
DA:521,0
DA:522,0
DA:525,0
DA:529,0
DA:530,0
DA:531,0
DA:532,0
DA:534,0
DA:535,0
DA:536,0
DA:539,0
DA:540,0
DA:542,0
DA:543,0
DA:544,0
DA:547,0
DA:554,50
DA:555,50
DA:556,54
DA:557,54
DA:560,0
DA:564,9
DA:565,12
DA:566,6
DA:569,0
DA:570,0
DA:574,0
DA:576,0
DA:577,0
DA:578,0
DA:583,1
DA:584,1
DA:587,3
DA:588,1
DA:589,0
DA:593,3
DA:594,9
DA:595,6
DA:599,3
DA:600,4
DA:601,2
DA:604,1
DA:605,4
DA:606,4
DA:607,2
DA:612,2
DA:614,2
DA:617,3
DA:618,4
DA:622,3
DA:623,2
DA:626,2
DA:629,0
DA:630,0
DA:633,0
DA:634,0
DA:635,0
DA:638,0
DA:639,0
DA:640,0
DA:641,0
DA:647,0
DA:648,0
DA:649,0
DA:653,0
DA:656,0
DA:658,0
DA:661,0
DA:664,0
DA:665,0
DA:669,0
DA:671,0
DA:675,0
DA:676,0
DA:680,0
DA:681,0
DA:684,0
DA:689,0
DA:690,0
DA:691,0
DA:692,0
DA:695,0
DA:696,0
DA:697,0
DA:698,0
DA:700,0
DA:701,0
DA:702,0
DA:703,0
DA:704,0
DA:705,0
DA:707,0
DA:709,0
DA:710,0
DA:711,0
DA:712,0
DA:714,0
DA:719,0
DA:720,0
DA:721,0
DA:724,0
DA:725,0
DA:726,0
DA:727,0
DA:729,0
DA:730,0
DA:731,0
DA:732,0
DA:733,0
DA:735,0
DA:747,22
DA:753,0
DA:754,0
LF:335
LH:160
end_of_record
TN:
SF:/Users/gd/workspace/rust/metorex/src/scope.rs
FN:23,Scope::new
FN:31,Scope::with_parent
FN:40,Scope::define
FN:46,Scope::define_shared
FN:52,Scope::get
FN:69,Scope::get_ref
FN:87,Scope::set
FN:106,Scope::get_at
FN:121,Scope::set_at
FN:139,Scope::collect_all_vars
FN:158,Scope::collect_all_var_refs
FN:176,<impl Default for Scope>::default
FNF:12
FNDA:1136,Scope::new
FNDA:2324,Scope::with_parent
FNDA:25426,Scope::define
FNDA:3264,Scope::define_shared
FNDA:9552,Scope::get
FNDA:10,Scope::get_ref
FNDA:2344,Scope::set
FNDA:38,Scope::get_at
FNDA:14,Scope::set_at
FNDA:0,Scope::collect_all_vars
FNDA:162,Scope::collect_all_var_refs
FNDA:0,<impl Default for Scope>::default
DA:23,1136
DA:25,1136
DA:31,2324
DA:33,2324
DA:34,2324
DA:40,25426
DA:41,152556
DA:46,3264
DA:47,13056
DA:52,9552
DA:54,27200
DA:55,8096
DA:59,2878
DA:60,2844
DA:64,34
DA:69,10
DA:71,30
DA:72,10
DA:76,0
DA:77,0
DA:81,0
DA:87,2344
DA:89,5112
DA:90,848
DA:91,424
DA:95,2396
DA:96,1428
DA:100,1444
DA:106,38
DA:107,38
DA:108,120
DA:111,34
DA:112,48
DA:115,2
DA:121,14
DA:122,14
DA:123,22
DA:124,12
DA:125,6
DA:127,2
DA:130,10
DA:131,16
DA:134,2
DA:139,0
DA:140,0
DA:143,0
DA:144,0
DA:148,0
DA:149,0
DA:152,0
DA:158,162
DA:159,324
DA:162,238
DA:163,76
DA:167,8646
DA:168,14140
DA:171,162
DA:176,0
DA:177,0
LF:59
LH:47
end_of_record
TN:
SF:/Users/gd/workspace/rust/metorex/src/vm/call_frame.rs
FN:16,CallFrame::new
FN:24,CallFrame::name
FN:29,CallFrame::location
FNF:3
FNDA:753,CallFrame::new
FNDA:46,CallFrame::name
FNDA:18,CallFrame::location
DA:16,753
DA:18,1506
DA:24,46
DA:25,46
DA:29,18
DA:30,36
LF:6
LH:6
end_of_record
TN:
SF:/Users/gd/workspace/rust/metorex/src/vm/class_execution.rs
FN:17,VirtualMachine::execute_class_def
FN:315,VirtualMachine::execute_function_def
FN:365,VirtualMachine::execute_module_def
FN:417,VirtualMachine::execute_include
FN:429,VirtualMachine::execute_extend
FNF:5
FNDA:278,VirtualMachine::execute_class_def
FNDA:148,VirtualMachine::execute_function_def
FNDA:28,VirtualMachine::execute_module_def
FNDA:0,VirtualMachine::execute_include
FNDA:0,VirtualMachine::execute_extend
DA:17,278
DA:25,610
DA:26,174
DA:27,108
DA:29,4
DA:30,4
DA:31,2
DA:35,4
DA:36,4
DA:37,2
DA:42,220
DA:46,1370
DA:49,730
DA:50,14
DA:52,364
DA:53,364
DA:54,364
DA:58,1092
DA:60,836
DA:61,824
DA:63,728
DA:64,364
DA:66,364
DA:67,396
DA:69,728
DA:71,364
DA:72,368
DA:73,2548
DA:74,728
DA:75,728
DA:76,1092
DA:77,1092
DA:80,2
DA:82,2
DA:84,4
DA:87,2
DA:88,2
DA:92,8
DA:93,6
DA:96,0
DA:98,0
DA:100,0
DA:102,16
DA:104,68
DA:105,104
DA:106,52
DA:107,78
DA:108,52
DA:110,52
DA:112,208
DA:113,104
DA:114,52
DA:117,8
DA:119,32
DA:120,48
DA:121,36
DA:122,48
DA:123,36
DA:125,24
DA:126,36
DA:127,24
DA:129,24
DA:131,48
DA:132,24
DA:133,48
DA:134,24
DA:136,48
DA:137,24
DA:140,14
DA:142,62
DA:144,96
DA:145,48
DA:146,72
DA:147,48
DA:149,48
DA:151,48
DA:152,168
DA:153,96
DA:156,96
DA:157,72
DA:158,96
DA:159,72
DA:161,48
DA:162,72
DA:163,48
DA:165,48
DA:167,96
DA:168,48
DA:169,96
DA:170,48
DA:172,96
DA:174,48
DA:180,8
DA:182,8
DA:186,32
DA:187,24
DA:190,20
DA:191,20
DA:194,60
DA:195,20
DA:196,44
DA:197,96
DA:198,72
DA:203,0
DA:204,0
DA:205,0
DA:209,0
DA:210,0
DA:211,0
DA:217,8
DA:218,8
DA:221,24
DA:222,8
DA:223,16
DA:224,32
DA:225,24
DA:226,8
DA:227,8
DA:233,0
DA:234,0
DA:235,0
DA:239,0
DA:240,0
DA:241,0
DA:251,14
DA:252,14
DA:253,14
DA:257,14
DA:259,14
DA:260,14
DA:261,14
DA:263,42
DA:264,42
DA:265,0
DA:266,42
DA:268,0
DA:269,0
DA:270,0
DA:275,0
DA:276,0
DA:277,0
DA:280,56
DA:281,28
DA:282,28
DA:284,0
DA:285,0
DA:286,0
DA:291,28
DA:292,28
DA:293,28
DA:296,42
DA:297,28
DA:299,0
DA:301,56
DA:308,274
DA:309,1096
DA:311,274
DA:315,148
DA:323,444
DA:325,452
DA:326,384
DA:330,444
DA:332,148
DA:333,180
DA:337,296
DA:339,148
DA:340,208
DA:343,148
DA:344,592
DA:348,296
DA:349,148
DA:350,296
DA:351,148
DA:353,296
DA:354,296
DA:355,444
DA:358,148
DA:359,592
DA:361,148
DA:365,28
DA:371,140
DA:373,60
DA:374,32
DA:376,32
DA:377,32
DA:378,32
DA:381,96
DA:383,32
DA:384,32
DA:386,64
DA:387,32
DA:389,32
DA:390,32
DA:392,64
DA:394,32
DA:395,32
DA:396,224
DA:397,64
DA:398,64
DA:399,128
DA:402,0
DA:403,0
DA:404,0
DA:410,28
DA:411,112
DA:413,28
DA:417,0
DA:422,0
DA:423,0
DA:424,0
DA:429,0
DA:434,0
DA:435,0
DA:436,0
LF:214
LH:177
end_of_record
TN:
SF:/Users/gd/workspace/rust/metorex/src/vm/control_structures.rs
FN:15,VirtualMachine::execute_if
FN:45,VirtualMachine::execute_unless
FN:63,VirtualMachine::execute_while
FN:98,VirtualMachine::execute_for
FNF:4
FNDA:640,VirtualMachine::execute_if
FNDA:18,VirtualMachine::execute_unless
FNDA:24,VirtualMachine::execute_while
FNDA:32,VirtualMachine::execute_for
DA:15,640
DA:22,2560
DA:24,1280
DA:25,570
DA:28,492
DA:29,168
DA:30,84
DA:31,66
DA:36,444
DA:37,48
DA:39,412
DA:45,18
DA:51,72
DA:53,18
DA:54,42
DA:55,6
DA:56,6
DA:58,2
DA:63,24
DA:69,544
DA:71,136
DA:72,20
DA:75,348
DA:76,98
DA:77,4
DA:78,14
DA:79,0
DA:80,0
DA:83,0
DA:84,0
DA:86,0
DA:87,0
DA:88,0
DA:94,24
DA:98,32
DA:105,128
DA:107,62
DA:108,24
DA:109,48
DA:110,24
DA:113,6
DA:114,6
DA:115,6
DA:118,12
DA:119,12
DA:120,12
DA:121,18
DA:123,6
DA:124,86
DA:125,80
DA:129,0
DA:130,0
DA:133,6
DA:136,0
DA:137,0
DA:138,0
DA:143,2
DA:144,4
DA:145,4
DA:146,2
DA:147,6
DA:149,2
DA:154,118
DA:155,176
DA:156,440
DA:158,352
DA:160,176
DA:162,88
DA:163,76
DA:164,4
DA:165,6
DA:166,4
DA:167,2
DA:170,0
DA:171,0
DA:173,0
DA:174,0
DA:175,0
DA:181,28
LF:79
LH:62
end_of_record
TN:
SF:/Users/gd/workspace/rust/metorex/src/vm/core.rs
FN:35,VirtualMachine::new
FN:61,VirtualMachine::environment
FN:66,VirtualMachine::environment_mut
FN:71,VirtualMachine::builtins
FN:76,VirtualMachine::globals
FN:81,VirtualMachine::globals_mut
FN:86,VirtualMachine::heap
FN:91,VirtualMachine::set_current_file
FN:96,VirtualMachine::get_current_file
FN:101,VirtualMachine::mark_file_loaded
FN:106,VirtualMachine::is_file_loaded
FN:111,VirtualMachine::with_call_frame
FN:122,VirtualMachine::call_stack
FN:127,VirtualMachine::get_current_method_name
FN:132,VirtualMachine::execute_program
FN:229,VirtualMachine::execute_file
FN:299,VirtualMachine::evaluate_expression
FN:668,<impl Default for VirtualMachine>::default
FN:674,binary_op_method_name
FNF:19
FNDA:1048,VirtualMachine::new
FNDA:982,VirtualMachine::environment
FNDA:15010,VirtualMachine::environment_mut
FNDA:2200,VirtualMachine::builtins
FNDA:4,VirtualMachine::globals
FNDA:22,VirtualMachine::globals_mut
FNDA:2,VirtualMachine::heap
FNDA:288,VirtualMachine::set_current_file
FNDA:34,VirtualMachine::get_current_file
FNDA:292,VirtualMachine::mark_file_loaded
FNDA:88,VirtualMachine::is_file_loaded
FNDA:753,VirtualMachine::with_call_frame
FNDA:116,VirtualMachine::call_stack
FNDA:26,VirtualMachine::get_current_method_name
FNDA:1090,VirtualMachine::execute_program
FNDA:50,VirtualMachine::execute_file
FNDA:19512,VirtualMachine::evaluate_expression
FNDA:0,<impl Default for VirtualMachine>::default
FNDA:2076,binary_op_method_name
DA:35,1048
DA:36,2096
DA:37,2096
DA:39,2096
DA:41,2096
DA:42,3144
DA:43,2096
DA:44,2096
DA:46,3144
DA:50,2096
DA:52,4192
DA:55,1048
DA:61,982
DA:62,982
DA:66,15010
DA:67,15010
DA:71,2200
DA:72,2200
DA:76,4
DA:77,4
DA:81,22
DA:82,22
DA:86,2
DA:87,4
DA:91,288
DA:92,576
DA:96,34
DA:97,68
DA:101,292
DA:102,876
DA:106,88
DA:107,264
DA:111,753
DA:115,2259
DA:116,1506
DA:117,1506
DA:118,753
DA:122,116
DA:123,116
DA:127,26
DA:128,104
DA:132,1090
DA:136,2180
DA:138,4668
DA:141,1544
DA:142,1544
DA:143,3578
DA:145,6176
DA:149,2930
DA:150,148
DA:152,96
DA:153,16
DA:156,2980
DA:157,1490
DA:161,1896
DA:162,2034
DA:165,418
DA:166,134
DA:167,268
DA:168,134
DA:170,0
DA:172,0
DA:173,0
DA:175,0
DA:176,0
DA:177,0
DA:180,0
DA:181,0
DA:183,0
DA:184,0
DA:187,0
DA:191,5704
DA:192,1856
DA:193,12
DA:195,10
DA:196,10
DA:198,20
DA:199,40
DA:200,10
DA:203,4
DA:204,8
DA:206,4
DA:207,8
DA:212,1008
DA:229,50
DA:234,200
DA:235,2
DA:236,6
DA:237,2
DA:242,144
DA:243,0
DA:244,0
DA:246,0
DA:249,0
DA:254,144
DA:255,8
DA:259,160
DA:262,120
DA:265,160
DA:266,0
DA:267,0
DA:268,0
DA:273,200
DA:274,0
DA:275,0
DA:276,0
DA:281,160
DA:284,200
DA:285,8
DA:286,16
DA:287,8
DA:292,64
DA:295,64
DA:299,19512
DA:303,19512
DA:304,6376
DA:305,60
DA:306,4338
DA:307,372
DA:308,532
DA:309,532
DA:310,798
DA:311,684
DA:312,56
DA:313,20112
DA:314,6704
DA:315,13408
DA:316,6722
DA:318,414
DA:319,414
DA:320,414
DA:323,828
DA:324,504
DA:325,262
DA:328,164
DA:331,18
DA:332,40
DA:333,40
DA:339,2898
DA:340,414
DA:342,144
DA:344,48
DA:345,48
DA:346,48
DA:348,192
DA:349,240
DA:352,2148
DA:353,2148
DA:354,2148
DA:355,2148
DA:358,2148
DA:360,168
DA:361,42
DA:362,18
DA:364,72
DA:368,120
DA:369,60
DA:370,10
DA:372,60
DA:375,2076
DA:377,8304
DA:378,8304
DA:380,24
DA:381,6228
DA:383,36
DA:384,36
DA:385,24
DA:386,12
DA:387,12
DA:388,24
DA:389,24
DA:390,12
DA:394,12384
DA:396,1472
DA:397,216
DA:399,236
DA:400,236
DA:401,236
DA:403,944
DA:404,944
DA:406,248
DA:407,36
DA:408,36
DA:409,24
DA:410,12
DA:411,12
DA:412,24
DA:413,24
DA:414,12
DA:418,1120
DA:421,1800
DA:422,1800
DA:423,1800
DA:424,1800
DA:425,1800
DA:426,3600
DA:427,1800
DA:428,1800
DA:429,1800
DA:430,5916
DA:431,1800
DA:434,1570
DA:435,1570
DA:436,1570
DA:437,1570
DA:439,6280
DA:440,6280
DA:441,3068
DA:442,7490
DA:444,1604
DA:445,136
DA:447,7850
DA:449,28
DA:450,14
DA:452,18
DA:453,792
DA:455,1188
DA:456,396
DA:457,792
DA:458,1584
DA:460,0
DA:461,0
DA:462,0
DA:464,0
DA:465,0
DA:466,0
DA:467,0
DA:469,0
DA:473,24
DA:474,96
DA:476,12
DA:478,18
DA:479,6
DA:480,12
DA:481,18
DA:483,0
DA:484,0
DA:486,0
DA:487,0
DA:488,0
DA:490,0
DA:491,0
DA:492,0
DA:493,0
DA:495,0
DA:500,26
DA:501,26
DA:504,104
DA:505,52
DA:507,0
DA:508,0
DA:509,0
DA:513,0
DA:514,0
DA:515,0
DA:522,104
DA:523,0
DA:524,0
DA:525,0
DA:530,104
DA:531,52
DA:533,0
DA:534,0
DA:535,0
DA:540,52
DA:541,52
DA:544,52
DA:545,26
DA:546,28
DA:547,82
DA:548,26
DA:550,4
DA:551,4
DA:553,0
DA:557,78
DA:558,0
DA:559,0
DA:563,0
DA:568,78
DA:569,0
DA:570,0
DA:571,0
DA:576,104
DA:577,0
DA:578,0
DA:580,0
DA:583,0
DA:588,104
DA:589,32
DA:590,30
DA:594,52
DA:597,52
DA:598,26
DA:599,26
DA:600,26
DA:601,26
DA:602,26
DA:606,28
DA:607,28
DA:608,28
DA:611,112
DA:612,112
DA:613,28
DA:614,84
DA:615,56
DA:616,28
DA:620,160
DA:621,160
DA:622,160
DA:623,160
DA:627,1120
DA:630,8
DA:631,8
DA:632,8
DA:634,32
DA:635,8
DA:636,32
DA:637,0
DA:638,0
DA:639,0
DA:642,0
DA:643,0
DA:644,0
DA:650,16
DA:651,16
DA:652,16
DA:653,16
DA:655,96
DA:658,4
DA:659,4
DA:660,4
DA:662,20
DA:668,0
DA:669,0
DA:674,2076
DA:675,2076
DA:676,608
DA:677,4
DA:678,224
DA:679,10
DA:680,428
DA:681,572
DA:682,0
DA:683,142
DA:684,62
DA:685,0
DA:686,26
DA:687,0
LF:348
LH:275
end_of_record
TN:
SF:/Users/gd/workspace/rust/metorex/src/vm/errors.rs
FN:17,loop_control_error
FN:29,invalid_assignment_target_error
FN:37,undefined_variable_error
FN:45,undefined_self_error
FN:57,undefined_method_error
FN:73,method_argument_error
FN:89,method_argument_type_error
FN:107,not_callable_error
FN:115,callable_argument_error
FN:135,unary_type_error
FN:147,binary_type_error
FN:165,divide_by_zero_error
FN:174,index_out_of_bounds_error
FN:189,undefined_dictionary_key_error
FN:201,unimplemented_statement_error
FNF:15
FNDA:8,loop_control_error
FNDA:2,invalid_assignment_target_error
FNDA:6,undefined_variable_error
FNDA:2,undefined_self_error
FNDA:4,undefined_method_error
FNDA:2,method_argument_error
FNDA:2,method_argument_type_error
FNDA:2,not_callable_error
FNDA:2,callable_argument_error
FNDA:0,unary_type_error
FNDA:4,binary_type_error
FNDA:4,divide_by_zero_error
FNDA:4,index_out_of_bounds_error
FNDA:0,undefined_dictionary_key_error
FNDA:0,unimplemented_statement_error
DA:17,8
DA:19,8
DA:20,16
DA:29,2
DA:32,6
DA:37,6
DA:39,6
DA:40,12
DA:45,2
DA:48,4
DA:57,4
DA:63,4
DA:66,8
DA:68,8
DA:73,2
DA:80,2
DA:84,4
DA:89,2
DA:96,2
DA:100,4
DA:102,4
DA:107,2
DA:109,6
DA:110,4
DA:115,2
DA:122,2
DA:126,4
DA:135,0
DA:137,0
DA:140,0
DA:142,0
DA:147,4
DA:154,4
DA:157,8
DA:158,8
DA:160,8
DA:165,4
DA:166,12
DA:174,4
DA:180,4
DA:184,8
DA:189,0
DA:191,0
DA:192,0
DA:201,0
DA:202,0
LF:46
LH:37
end_of_record
TN:
SF:/Users/gd/workspace/rust/metorex/src/vm/exceptions.rs
FN:17,VirtualMachine::execute_raise
FN:73,VirtualMachine::add_stack_trace_to_exception
FN:113,VirtualMachine::execute_begin
FN:214,VirtualMachine::exception_matches
FN:250,VirtualMachine::is_class_or_subclass
FNF:5
FNDA:108,VirtualMachine::execute_raise
FNDA:106,VirtualMachine::add_stack_trace_to_exception
FNDA:108,VirtualMachine::execute_begin
FNDA:110,VirtualMachine::exception_matches
FNDA:138,VirtualMachine::is_class_or_subclass
DA:17,108
DA:22,314
DA:24,400
DA:29,100
DA:30,58
DA:31,34
DA:33,102
DA:35,8
DA:37,24
DA:40,0
DA:41,0
DA:42,0
DA:43,0
DA:51,24
DA:52,24
DA:54,4
DA:55,4
DA:56,4
DA:57,2
DA:64,530
DA:66,106
DA:67,106
DA:68,106
DA:73,106
DA:74,212
DA:75,212
DA:78,312
DA:79,300
DA:80,300
DA:81,100
DA:82,100
DA:87,318
DA:90,124
DA:91,36
DA:92,54
DA:94,0
DA:100,318
DA:101,318
DA:103,212
DA:105,212
DA:106,106
DA:108,0
DA:113,108
DA:122,432
DA:125,216
DA:126,216
DA:130,28
DA:131,28
DA:133,28
DA:135,56
DA:136,84
DA:137,28
DA:138,28
DA:139,28
DA:140,28
DA:147,100
DA:148,100
DA:149,108
DA:152,100
DA:153,500
DA:156,210
DA:157,440
DA:159,256
DA:160,160
DA:161,320
DA:165,384
DA:166,96
DA:167,96
DA:172,104
DA:177,384
DA:179,24
DA:181,16
DA:182,12
DA:187,122
DA:188,56
DA:192,14
DA:193,0
DA:194,0
DA:196,14
DA:199,0
DA:201,0
DA:203,0
DA:205,0
DA:210,108
DA:214,110
DA:220,220
DA:221,30
DA:225,160
DA:226,240
DA:227,0
DA:231,160
DA:233,320
DA:235,80
DA:236,240
DA:239,240
DA:240,66
DA:246,14
DA:250,138
DA:251,414
DA:252,66
DA:256,130
DA:257,174
DA:260,14
LF:103
LH:90
end_of_record
TN:
SF:/Users/gd/workspace/rust/metorex/src/vm/expression.rs
FN:24,VirtualMachine::evaluate_interpolated_string
FN:44,VirtualMachine::evaluate_array_literal
FN:56,VirtualMachine::evaluate_dictionary_literal
FN:82,VirtualMachine::evaluate_index_operation
FN:128,VirtualMachine::evaluate_if_expression
FN:150,VirtualMachine::evaluate_unless_expression
FN:166,VirtualMachine::evaluate_branch_value
FNF:7
FNDA:266,VirtualMachine::evaluate_interpolated_string
FNDA:368,VirtualMachine::evaluate_array_literal
FNDA:54,VirtualMachine::evaluate_dictionary_literal
FNDA:224,VirtualMachine::evaluate_index_operation
FNDA:36,VirtualMachine::evaluate_if_expression
FNDA:4,VirtualMachine::evaluate_unless_expression
FNDA:36,VirtualMachine::evaluate_branch_value
DA:24,266
DA:28,532
DA:30,944
DA:31,678
DA:32,1408
DA:33,326
DA:34,1304
DA:35,978
DA:40,266
DA:44,368
DA:48,1472
DA:49,1460
DA:50,5460
DA:52,736
DA:56,54
DA:60,216
DA:62,238
DA:63,368
DA:64,368
DA:65,0
DA:66,0
DA:68,0
DA:70,0
DA:74,368
DA:75,368
DA:78,108
DA:82,224
DA:88,224
DA:89,328
DA:90,164
DA:91,328
DA:92,492
DA:93,12
DA:95,160
DA:98,0
DA:99,0
DA:100,0
DA:103,60
DA:104,240
DA:105,0
DA:106,0
DA:108,0
DA:110,0
DA:114,120
DA:115,120
DA:117,60
DA:120,0
DA:121,0
DA:122,0
DA:128,36
DA:135,144
DA:136,60
DA:138,16
DA:139,0
DA:140,0
DA:143,28
DA:144,36
DA:146,4
DA:150,4
DA:156,16
DA:157,12
DA:159,0
DA:160,0
DA:162,0
DA:166,36
DA:168,72
DA:169,72
DA:170,72
DA:171,70
DA:172,136
DA:173,34
DA:175,6
DA:176,0
DA:177,0
DA:178,0
DA:179,0
DA:182,2
DA:183,2
DA:185,4
DA:186,2
DA:187,6
DA:188,6
DA:189,2
DA:194,0
DA:198,68
DA:199,34
LF:86
LH:62
end_of_record
TN:
SF:/Users/gd/workspace/rust/metorex/src/vm/global_registry.rs
FN:17,GlobalRegistry::new
FN:22,GlobalRegistry::set
FN:27,GlobalRegistry::get
FN:32,GlobalRegistry::contains
FN:37,GlobalRegistry::iter
FNF:5
FNDA:1048,GlobalRegistry::new
FNDA:19934,GlobalRegistry::set
FNDA:26,GlobalRegistry::get
FNDA:2,GlobalRegistry::contains
FNDA:1048,GlobalRegistry::iter
DA:17,1048
DA:18,1048
DA:22,19934
DA:23,99670
DA:27,26
DA:28,104
DA:32,2
DA:33,6
DA:37,1048
DA:38,2096
LF:10
LH:10
end_of_record
TN:
SF:/Users/gd/workspace/rust/metorex/src/vm/heap.rs
FN:17,Heap::allocate
FN:22,Heap::allocation_count
FNF:2
FNDA:0,Heap::allocate
FNDA:2,Heap::allocation_count
DA:17,0
DA:18,0
DA:22,2
DA:23,4
LF:4
LH:2
end_of_record
TN:
SF:/Users/gd/workspace/rust/metorex/src/vm/init.rs
FN:12,initialize_builtin_methods
FN:21,register_builtin_classes
FN:28,register_singletons
FN:37,register_native_functions
FN:47,seed_environment_with_globals
FNF:5
FNDA:1048,initialize_builtin_methods
FNDA:1048,register_builtin_classes
FNDA:1048,register_singletons
FNDA:1048,register_native_functions
FNDA:1048,seed_environment_with_globals
DA:12,1048
DA:13,2096
DA:14,2096
DA:15,2096
DA:16,2096
DA:17,2096
DA:21,1048
DA:22,39824
DA:23,37728
DA:28,1048
DA:29,3144
DA:30,3144
DA:31,3144
DA:33,3144
DA:37,1048
DA:38,3144
DA:39,3144
DA:40,2096
DA:42,1048
DA:47,1048
DA:51,61832
DA:52,99560
LF:22
LH:22
end_of_record
TN:
SF:/Users/gd/workspace/rust/metorex/src/vm/method_invocation.rs
FN:21,VirtualMachine::invoke_callable
FN:107,VirtualMachine::execute_block_callable
FN:141,VirtualMachine::execute_block_body
FN:202,VirtualMachine::execute_block_with_control_flow
FN:241,VirtualMachine::invoke_method
FN:300,VirtualMachine::execute_method_body
FN:418,VirtualMachine::execute_function_body
FN:525,VirtualMachine::is_exception_class
FN:530,VirtualMachine::is_exception_class_static
FN:554,VirtualMachine::bind_keyword_params
FN:577,positional_arg_count
FN:589,split_keyword_args
FNF:12
FNDA:1846,VirtualMachine::invoke_callable
FNDA:174,VirtualMachine::execute_block_callable
FNDA:472,VirtualMachine::execute_block_body
FNDA:578,VirtualMachine::execute_block_with_control_flow
FNDA:920,VirtualMachine::invoke_method
FNDA:580,VirtualMachine::execute_method_body
FNDA:176,VirtualMachine::execute_function_body
FNDA:294,VirtualMachine::is_exception_class
FNDA:376,VirtualMachine::is_exception_class_static
FNDA:756,VirtualMachine::bind_keyword_params
FNDA:758,positional_arg_count
FNDA:756,split_keyword_args
DA:21,1846
DA:27,1846
DA:28,110
DA:29,176
DA:32,528
DA:33,528
DA:34,176
DA:35,0
DA:36,0
DA:37,0
DA:38,0
DA:39,0
DA:43,704
DA:45,294
DA:47,1176
DA:49,294
DA:51,174
DA:52,0
DA:53,58
DA:55,58
DA:56,174
DA:57,0
DA:60,0
DA:61,0
DA:62,0
DA:63,0
DA:65,0
DA:69,232
DA:70,58
DA:73,1180
DA:74,236
DA:76,472
DA:79,592
DA:80,240
DA:81,120
DA:82,120
DA:83,240
DA:84,120
DA:85,120
DA:87,116
DA:89,4
DA:90,4
DA:91,2
DA:92,6
DA:94,2
DA:98,234
DA:101,8112
DA:102,6
DA:107,174
DA:113,522
DA:114,522
DA:116,174
DA:117,4
DA:118,4
DA:119,4
DA:120,2
DA:121,2
DA:125,516
DA:126,516
DA:127,344
DA:129,516
DA:130,688
DA:131,688
DA:134,172
DA:135,344
DA:136,0
DA:141,472
DA:146,944
DA:148,944
DA:150,8558
DA:151,5076
DA:152,10152
DA:156,3854
DA:157,1992
DA:160,944
DA:162,1436
DA:163,942
DA:164,1800
DA:165,450
DA:168,126
DA:169,40
DA:170,2
DA:171,4
DA:172,2
DA:175,0
DA:176,0
DA:178,0
DA:179,0
DA:180,0
DA:181,0
DA:184,0
DA:185,0
DA:187,0
DA:188,0
DA:193,472
DA:196,944
DA:197,472
DA:202,578
DA:207,1156
DA:209,1156
DA:211,1156
DA:212,0
DA:213,0
DA:217,4624
DA:218,2312
DA:221,1956
DA:222,2400
DA:223,734
DA:224,66
DA:228,66
DA:233,512
DA:236,1156
DA:237,578
DA:241,920
DA:249,2760
DA:251,2178
DA:252,920
DA:253,920
DA:254,920
DA:255,920
DA:256,920
DA:258,338
DA:261,1746
DA:262,1746
DA:263,582
DA:264,4
DA:265,4
DA:266,4
DA:267,2
DA:268,2
DA:272,1740
DA:273,1740
DA:274,1160
DA:276,1740
DA:277,1160
DA:280,1740
DA:281,1740
DA:282,1740
DA:283,2320
DA:284,580
DA:285,1160
DA:286,580
DA:287,1160
DA:288,1160
DA:293,580
DA:294,1092
DA:295,170
DA:300,580
DA:306,1160
DA:309,1740
DA:311,1160
DA:312,580
DA:313,2900
DA:316,614
DA:317,2212
DA:318,1452
DA:319,2904
DA:323,1740
DA:324,3382
DA:325,1416
DA:327,2320
DA:331,580
DA:332,2320
DA:333,590
DA:334,10
DA:335,50
DA:336,30
DA:337,20
DA:338,30
DA:343,1740
DA:344,1160
DA:346,3336
DA:347,2394
DA:350,798
DA:351,578
DA:352,308
DA:353,1232
DA:354,282
DA:357,2
DA:358,2
DA:359,2
DA:360,2
DA:363,4
DA:364,2
DA:365,2
DA:366,2
DA:367,2
DA:369,0
DA:372,0
DA:373,0
DA:374,0
DA:377,0
DA:378,0
DA:379,0
DA:380,0
DA:382,0
DA:384,268
DA:388,1466
DA:389,390
DA:390,184
DA:392,4
DA:393,4
DA:395,4
DA:396,12
DA:397,12
DA:398,4
DA:401,0
DA:402,0
DA:404,0
DA:405,0
DA:410,454
DA:413,1160
DA:414,580
DA:418,176
DA:423,352
DA:426,528
DA:428,352
DA:430,528
DA:431,1004
DA:432,400
DA:434,704
DA:438,176
DA:439,704
DA:440,210
DA:441,34
DA:442,170
DA:443,98
DA:444,64
DA:445,96
DA:450,528
DA:451,352
DA:453,984
DA:454,684
DA:457,228
DA:458,174
DA:459,72
DA:460,288
DA:461,70
DA:464,18
DA:465,18
DA:466,18
DA:467,18
DA:470,54
DA:471,18
DA:472,18
DA:473,18
DA:474,18
DA:476,18
DA:479,0
DA:480,0
DA:481,0
DA:484,0
DA:485,0
DA:486,0
DA:487,0
DA:489,0
DA:491,84
DA:495,414
DA:496,86
DA:497,60
DA:499,22
DA:500,22
DA:502,22
DA:503,66
DA:504,66
DA:505,22
DA:508,0
DA:509,0
DA:511,0
DA:512,0
DA:517,122
DA:520,352
DA:521,176
DA:525,294
DA:526,588
DA:530,376
DA:531,752
DA:532,376
DA:533,752
DA:534,752
DA:535,376
DA:536,376
DA:540,1128
DA:541,58
DA:545,400
DA:546,164
DA:549,236
DA:554,756
DA:559,836
DA:560,152
DA:561,64
DA:562,16
DA:563,24
DA:565,0
DA:566,0
DA:567,0
DA:570,200
DA:572,756
DA:577,758
DA:578,1538
DA:579,44
DA:580,134
DA:581,20
DA:584,1476
DA:589,756
DA:590,1534
DA:591,44
DA:593,156
DA:594,22
DA:595,60
DA:597,148
DA:599,40
DA:600,40
DA:601,20
DA:604,736
LF:315
LH:262
end_of_record
TN:
SF:/Users/gd/workspace/rust/metorex/src/vm/method_lookup.rs
FN:17,VirtualMachine::evaluate_method_call
FN:93,VirtualMachine::lookup_method
FNF:2
FNDA:1800,VirtualMachine::evaluate_method_call
FNDA:1882,VirtualMachine::lookup_method
DA:17,1800
DA:25,7200
DA:26,7200
DA:27,2614
DA:28,4070
DA:33,2058
DA:34,1032
DA:37,5400
DA:38,1372
DA:39,4802
DA:43,1414
DA:44,600
DA:45,908
DA:46,16
DA:47,16
DA:48,8
DA:49,16
DA:50,8
DA:51,8
DA:56,4424
DA:57,1102
DA:58,7746
DA:60,2134
DA:61,1032
DA:65,70
DA:66,420
DA:68,130
DA:69,60
DA:73,12
DA:74,30
DA:77,18
DA:78,12
DA:79,6
DA:80,6
DA:81,6
DA:82,12
DA:83,6
DA:86,12
DA:93,1882
DA:98,1882
DA:99,492
DA:100,984
DA:101,1476
DA:102,984
DA:103,2308
DA:105,900
DA:106,300
DA:107,300
DA:109,4360
DA:110,3946
LF:50
LH:50
end_of_record
TN:
SF:/Users/gd/workspace/rust/metorex/src/vm/native_functions.rs
FN:12,VirtualMachine::call_native_function
FN:153,VirtualMachine::get_string_representation
FNF:2
FNDA:1352,VirtualMachine::call_native_function
FNDA:1278,VirtualMachine::get_string_representation
DA:12,1352
DA:18,1352
DA:19,1352
DA:21,2556
DA:23,6390
DA:24,1278
DA:26,1278
DA:28,74
DA:30,44
DA:31,0
DA:32,0
DA:33,0
DA:37,88
DA:38,88
DA:40,0
DA:41,0
DA:42,0
DA:43,0
DA:45,0
DA:51,132
DA:52,44
DA:53,44
DA:54,0
DA:55,0
DA:56,0
DA:60,0
DA:61,0
DA:62,0
DA:66,30
DA:68,30
DA:69,4
DA:70,4
DA:71,2
DA:72,6
DA:74,2
DA:78,52
DA:79,72
DA:81,8
DA:82,8
DA:83,4
DA:84,12
DA:86,4
DA:92,96
DA:93,0
DA:94,0
DA:95,0
DA:96,0
DA:101,24
DA:102,72
DA:103,24
DA:104,0
DA:105,0
DA:106,0
DA:111,22
DA:112,74
DA:113,2
DA:114,2
DA:115,4
DA:120,66
DA:121,0
DA:122,0
DA:124,0
DA:127,0
DA:132,88
DA:135,88
DA:136,0
DA:137,0
DA:138,0
DA:143,22
DA:145,0
DA:146,0
DA:147,0
DA:153,1278
DA:159,1278
DA:162,32
DA:163,4
DA:164,32
DA:165,8
DA:166,4
DA:170,20
DA:171,4
DA:172,32
DA:173,8
DA:174,4
DA:178,0
DA:180,1270
LF:86
LH:54
end_of_record
TN:
SF:/Users/gd/workspace/rust/metorex/src/vm/native_methods/array_methods.rs
FN:12,compare_for_sort
FN:31,VirtualMachine::call_array_method
FNF:2
FNDA:132,compare_for_sort
FNDA:488,VirtualMachine::call_array_method
DA:12,132
DA:13,264
DA:14,620
DA:15,0
DA:16,0
DA:18,0
DA:19,0
DA:20,0
DA:21,0
DA:22,0
DA:23,0
DA:24,40
DA:25,0
DA:31,488
DA:38,488
DA:39,488
DA:40,44
DA:41,0
DA:42,0
DA:43,0
DA:44,0
DA:45,0
DA:48,88
DA:49,44
DA:51,0
DA:54,782
DA:55,108
DA:56,0
DA:57,0
DA:58,0
DA:59,0
DA:60,0
DA:63,216
DA:64,324
DA:65,108
DA:67,0
DA:70,336
DA:71,18
DA:72,0
DA:73,0
DA:74,0
DA:75,0
DA:76,0
DA:79,36
DA:80,36
DA:82,0
DA:85,318
DA:86,0
DA:87,0
DA:88,0
DA:89,0
DA:90,0
DA:91,0
DA:94,0
DA:95,0
DA:96,0
DA:97,0
DA:100,318
DA:102,134
DA:103,0
DA:104,0
DA:105,0
DA:106,0
DA:107,0
DA:110,402
DA:111,268
DA:112,0
DA:113,0
DA:114,0
DA:115,0
DA:116,0
DA:117,0
DA:121,0
DA:122,0
DA:123,0
DA:127,268
DA:128,268
DA:129,582
DA:130,1792
DA:131,1792
DA:134,382
DA:136,66
DA:137,0
DA:138,0
DA:139,0
DA:143,0
DA:144,0
DA:146,0
DA:147,0
DA:148,0
DA:149,0
DA:151,0
DA:156,134
DA:158,0
DA:161,184
DA:163,28
DA:164,0
DA:165,0
DA:166,0
DA:167,0
DA:168,0
DA:171,84
DA:172,56
DA:173,0
DA:174,0
DA:175,0
DA:176,0
DA:177,0
DA:178,0
DA:182,0
DA:183,0
DA:184,0
DA:188,56
DA:189,56
DA:190,56
DA:191,114
DA:192,344
DA:193,430
DA:194,258
DA:196,56
DA:198,0
DA:201,298
DA:203,22
DA:204,0
DA:205,0
DA:206,0
DA:207,0
DA:208,0
DA:211,66
DA:212,44
DA:213,0
DA:214,0
DA:215,0
DA:216,0
DA:217,0
DA:218,0
DA:222,0
DA:223,0
DA:224,0
DA:228,44
DA:229,44
DA:230,44
DA:231,136
DA:232,456
DA:233,570
DA:234,286
DA:235,172
DA:236,174
DA:239,44
DA:241,0
DA:244,134
DA:246,18
DA:247,0
DA:248,0
DA:249,0
DA:250,0
DA:251,0
DA:254,54
DA:255,36
DA:256,0
DA:257,0
DA:258,0
DA:259,0
DA:260,0
DA:261,0
DA:265,0
DA:266,0
DA:267,0
DA:271,36
DA:272,36
DA:275,54
DA:276,8
DA:278,10
DA:281,18
DA:282,0
DA:285,44
DA:286,8
DA:288,20
DA:291,116
DA:292,372
DA:293,310
DA:295,18
DA:297,0
DA:300,116
DA:302,4
DA:303,0
DA:304,0
DA:305,0
DA:306,0
DA:307,0
DA:310,4
DA:311,4
DA:314,4
DA:315,4
DA:316,2
DA:317,4
DA:318,6
DA:321,0
DA:322,0
DA:323,0
DA:324,0
DA:325,0
DA:332,4
DA:333,12
DA:334,16
DA:335,8
DA:336,12
DA:337,12
DA:339,0
DA:342,16
DA:344,4
DA:346,0
DA:349,114
DA:352,16
DA:353,0
DA:354,0
DA:355,0
DA:356,0
DA:357,0
DA:360,32
DA:361,32
DA:364,16
DA:365,0
DA:369,32
DA:370,52
DA:371,36
DA:372,72
DA:373,108
DA:376,0
DA:377,0
DA:378,0
DA:379,0
DA:381,0
DA:388,152
DA:391,32
DA:392,60
DA:393,88
DA:394,136
DA:395,276
DA:396,276
DA:398,0
DA:401,176
DA:404,32
DA:406,0
DA:409,98
DA:410,8
DA:411,0
DA:412,0
DA:413,0
DA:414,0
DA:415,0
DA:418,16
DA:419,8
DA:421,0
DA:424,90
DA:425,16
DA:426,0
DA:427,0
DA:428,0
DA:429,0
DA:430,0
DA:433,32
DA:434,32
DA:435,16
DA:436,4
DA:438,12
DA:441,0
DA:444,74
DA:445,8
DA:446,0
DA:447,0
DA:448,0
DA:449,0
DA:450,0
DA:453,16
DA:454,24
DA:455,8
DA:457,0
DA:460,66
DA:461,16
DA:462,0
DA:463,0
DA:464,0
DA:465,0
DA:466,0
DA:469,32
DA:470,32
DA:471,16
DA:472,32
DA:474,0
DA:477,50
DA:478,12
DA:479,0
DA:480,0
DA:481,0
DA:482,0
DA:483,0
DA:486,24
DA:487,24
DA:488,12
DA:489,24
DA:491,0
DA:494,38
DA:495,38
DA:496,0
DA:497,0
DA:498,0
DA:499,0
DA:500,0
DA:503,76
DA:504,114
DA:505,16
DA:507,22
DA:508,66
DA:510,0
DA:511,0
DA:512,0
DA:513,0
DA:514,0
DA:519,114
DA:522,144
DA:524,114
DA:526,0
DA:529,0
LF:324
LH:149
end_of_record
TN:
SF:/Users/gd/workspace/rust/metorex/src/vm/native_methods/ast_methods.rs
FN:12,make_dict
FN:20,make_array
FN:24,str_obj
FN:28,binary_op_str
FN:51,unary_op_str
FN:60,serialize_expression
FN:196,serialize_statement
FN:285,serialize_statements
FNF:8
FNDA:78,make_dict
FNDA:28,make_array
FNDA:130,str_obj
FNDA:18,binary_op_str
FNDA:0,unary_op_str
FNDA:72,serialize_expression
FNDA:32,serialize_statement
FNDA:28,serialize_statements
DA:12,78
DA:13,156
DA:14,666
DA:15,784
DA:17,156
DA:20,28
DA:21,56
DA:24,130
DA:25,390
DA:28,18
DA:29,18
DA:30,12
DA:31,0
DA:32,6
DA:33,0
DA:34,0
DA:35,0
DA:36,0
DA:37,0
DA:38,0
DA:39,0
DA:40,0
DA:41,0
DA:42,0
DA:43,0
DA:44,0
DA:45,0
DA:46,0
DA:47,0
DA:51,0
DA:52,0
DA:53,0
DA:54,0
DA:55,0
DA:60,72
DA:61,72
DA:62,60
DA:63,20
DA:64,20
DA:66,0
DA:67,0
DA:68,0
DA:70,0
DA:71,0
DA:72,0
DA:74,0
DA:75,0
DA:76,0
DA:78,0
DA:79,0
DA:80,0
DA:81,0
DA:83,102
DA:84,34
DA:85,102
DA:87,0
DA:88,0
DA:89,0
DA:91,0
DA:92,0
DA:93,0
DA:95,0
DA:96,0
DA:97,0
DA:100,54
DA:101,36
DA:102,18
DA:103,54
DA:104,36
DA:105,36
DA:107,0
DA:108,0
DA:109,0
DA:110,0
DA:113,0
DA:114,0
DA:115,0
DA:116,0
DA:118,0
DA:119,0
DA:123,0
DA:124,0
DA:125,0
DA:127,0
DA:128,0
DA:129,0
DA:130,0
DA:132,0
DA:133,0
DA:136,0
DA:137,0
DA:139,0
DA:140,0
DA:143,0
DA:144,0
DA:145,0
DA:146,0
DA:148,0
DA:149,0
DA:151,0
DA:152,0
DA:153,0
DA:154,0
DA:158,0
DA:159,0
DA:160,0
DA:164,0
DA:165,0
DA:166,0
DA:168,0
DA:169,0
DA:172,0
DA:173,0
DA:176,0
DA:177,0
DA:178,0
DA:180,0
DA:182,0
DA:183,0
DA:184,0
DA:185,0
DA:186,0
DA:189,0
DA:191,0
DA:196,32
DA:197,32
DA:198,78
DA:199,6
DA:200,2
DA:202,4
DA:203,4
DA:204,4
DA:205,4
DA:206,2
DA:209,16
DA:210,4
DA:211,8
DA:212,8
DA:215,0
DA:216,0
DA:217,0
DA:219,0
DA:220,0
DA:221,0
DA:223,0
DA:224,0
DA:227,0
DA:228,0
DA:229,0
DA:230,0
DA:231,0
DA:235,0
DA:236,0
DA:237,0
DA:238,0
DA:240,0
DA:241,0
DA:245,0
DA:246,0
DA:247,0
DA:249,0
DA:250,0
DA:251,0
DA:252,0
DA:254,0
DA:255,0
DA:259,0
DA:260,0
DA:261,0
DA:262,0
DA:264,0
DA:265,0
DA:268,0
DA:269,0
DA:271,0
DA:272,0
DA:273,0
DA:274,0
DA:275,0
DA:278,0
DA:279,0
DA:280,0
DA:285,28
DA:286,140
LF:184
LH:43
end_of_record
TN:
SF:/Users/gd/workspace/rust/metorex/src/vm/native_methods/exception_methods.rs
FN:13,VirtualMachine::call_exception_method
FNF:1
FNDA:76,VirtualMachine::call_exception_method
DA:13,76
DA:20,152
DA:21,152
DA:23,0
DA:24,0
DA:25,0
DA:30,76
DA:31,76
DA:33,204
DA:34,68
DA:36,14
DA:38,6
DA:39,2
DA:41,6
DA:43,12
DA:44,4
DA:45,4
DA:46,12
DA:48,58
DA:50,8
DA:52,0
DA:55,2
DA:57,4
DA:58,8
DA:61,6
DA:62,2
DA:66,4
DA:67,2
DA:69,6
DA:70,14
DA:71,24
DA:72,6
DA:76,2
DA:78,0
LF:34
LH:29
end_of_record
TN:
SF:/Users/gd/workspace/rust/metorex/src/vm/native_methods/float_methods.rs
FN:12,VirtualMachine::call_float_method
FNF:1
FNDA:12,VirtualMachine::call_float_method
DA:12,12
DA:19,12
DA:20,12
DA:21,12
DA:22,0
DA:23,0
DA:24,0
DA:25,0
DA:26,0
DA:29,24
DA:30,22
DA:31,20
DA:33,4
DA:34,4
DA:35,4
DA:36,2
DA:37,2
DA:42,10
DA:43,4
DA:44,4
DA:45,2
DA:46,2
DA:48,2
DA:53,24
DA:54,24
DA:55,8
DA:57,0
DA:60,0
LF:28
LH:21
end_of_record
TN:
SF:/Users/gd/workspace/rust/metorex/src/vm/native_methods/hash_methods.rs
FN:13,VirtualMachine::call_hash_method
FNF:1
FNDA:26,VirtualMachine::call_hash_method
DA:13,26
DA:20,26
DA:21,26
DA:22,4
DA:23,0
DA:24,0
DA:25,0
DA:26,0
DA:27,0
DA:30,8
DA:31,8
DA:32,8
DA:33,42
DA:34,8
DA:36,0
DA:39,22
DA:40,2
DA:41,0
DA:42,0
DA:43,0
DA:44,0
DA:45,0
DA:48,4
DA:49,4
DA:50,10
DA:51,4
DA:53,0
DA:56,36
DA:57,16
DA:58,0
DA:59,0
DA:60,0
DA:61,0
DA:62,0
DA:65,32
DA:66,32
DA:68,32
DA:69,48
DA:70,0
DA:71,0
DA:72,0
DA:73,0
DA:75,0
DA:76,0
DA:77,0
DA:78,0
DA:79,0
DA:83,32
DA:84,32
DA:86,0
DA:89,6
DA:90,2
DA:91,0
DA:92,0
DA:93,0
DA:94,0
DA:95,0
DA:98,4
DA:99,4
DA:100,6
DA:102,8
DA:103,24
DA:104,24
DA:105,6
DA:109,4
DA:111,0
DA:114,4
DA:115,2
DA:116,0
DA:117,0
DA:118,0
DA:119,0
DA:120,0
DA:123,4
DA:124,2
DA:126,0
DA:129,0
DA:130,0
DA:131,0
DA:132,0
DA:133,0
DA:134,0
DA:135,0
DA:138,0
DA:139,0
DA:140,0
DA:141,0
DA:144,0
LF:88
LH:37
end_of_record
TN:
SF:/Users/gd/workspace/rust/metorex/src/vm/native_methods/mod.rs
FN:30,VirtualMachine::call_native_method
FNF:1
FNDA:2026,VirtualMachine::call_native_method
DA:30,2026
DA:39,2194
DA:40,168
DA:41,168
DA:42,760
DA:44,16
DA:47,8
DA:48,2
DA:50,14
DA:55,2172
DA:56,300
DA:57,300
DA:59,260
DA:60,260
DA:61,260
DA:62,520
DA:63,260
DA:65,260
DA:67,40
DA:68,8
DA:70,36
DA:71,56
DA:72,0
DA:74,56
DA:75,42
DA:76,42
DA:77,0
DA:78,0
DA:79,0
DA:80,0
DA:81,0
DA:82,0
DA:86,56
DA:87,28
DA:89,28
DA:90,56
DA:91,56
DA:93,0
DA:94,0
DA:95,0
DA:100,56
DA:101,56
DA:102,56
DA:105,84
DA:106,56
DA:108,0
DA:110,112
DA:111,28
DA:113,8
DA:118,1678
DA:119,98
DA:120,98
DA:121,92
DA:123,52
DA:124,20
DA:125,8
DA:127,48
DA:128,8
DA:129,8
DA:131,0
DA:134,44
DA:135,48
DA:136,16
DA:138,130
DA:140,32
DA:141,16
DA:144,28
DA:145,22
DA:147,6
DA:148,6
DA:150,0
DA:155,1496
DA:156,14
DA:157,14
DA:158,6
DA:160,8
DA:161,4
DA:163,4
DA:168,1472
DA:169,1532
DA:170,2590
DA:171,4202
DA:172,942
DA:173,832
DA:174,880
DA:175,1182
DA:176,650
LF:87
LH:74
end_of_record
TN:
SF:/Users/gd/workspace/rust/metorex/src/vm/native_methods/object_methods.rs
FN:11,VirtualMachine::call_object_method
FNF:1
FNDA:80,VirtualMachine::call_object_method
DA:11,80
DA:18,80
DA:19,80
DA:20,0
DA:21,0
DA:22,0
DA:23,0
DA:24,0
DA:25,0
DA:28,0
DA:30,80
DA:31,4
DA:32,0
DA:33,0
DA:34,0
DA:35,0
DA:36,0
DA:39,8
DA:41,76
DA:42,4
DA:43,0
DA:44,0
DA:45,0
DA:46,0
DA:47,0
DA:50,8
DA:51,12
DA:52,0
DA:53,0
DA:54,0
DA:55,0
DA:56,0
DA:57,0
DA:61,4
DA:62,12
DA:65,72
DA:66,6
DA:67,0
DA:68,0
DA:69,0
DA:70,0
DA:71,0
DA:74,6
DA:76,66
DA:77,56
DA:78,0
DA:79,0
DA:80,0
DA:81,0
DA:82,0
DA:85,112
DA:86,12
DA:87,156
DA:88,0
DA:89,0
DA:90,0
DA:91,0
DA:92,0
DA:93,0
DA:97,168
DA:98,150
DA:99,6
DA:102,10
LF:63
LH:24
end_of_record
TN:
SF:/Users/gd/workspace/rust/metorex/src/vm/native_methods/range_methods.rs
FN:14,VirtualMachine::call_range_method
FNF:1
FNDA:22,VirtualMachine::call_range_method
DA:14,22
DA:21,22
DA:22,22
DA:24,10
DA:25,0
DA:26,0
DA:27,0
DA:28,0
DA:29,0
DA:32,30
DA:34,10
DA:35,10
DA:36,10
DA:37,10
DA:39,20
DA:40,20
DA:41,0
DA:42,0
DA:43,0
DA:44,0
DA:45,0
DA:46,0
DA:50,0
DA:51,0
DA:52,0
DA:58,40
DA:59,20
DA:60,30
DA:62,140
DA:63,390
DA:64,520
DA:66,130
DA:67,0
DA:68,0
DA:69,0
DA:70,0
DA:74,0
DA:75,0
DA:77,0
DA:78,0
DA:79,0
DA:80,0
DA:82,0
DA:87,10
DA:89,0
DA:90,0
DA:91,0
DA:95,0
DA:98,12
DA:99,6
DA:100,0
DA:101,0
DA:102,0
DA:103,0
DA:104,0
DA:108,6
DA:109,6
DA:110,6
DA:111,6
DA:113,24
DA:114,12
DA:115,18
DA:117,12
DA:118,18
DA:119,12
DA:121,0
DA:122,0
DA:123,0
DA:127,0
DA:130,6
DA:131,0
DA:132,0
DA:133,0
DA:134,0
DA:135,0
DA:136,0
DA:140,0
DA:141,0
DA:142,0
DA:143,0
DA:145,0
DA:146,0
DA:147,0
DA:148,0
DA:150,0
DA:152,0
DA:154,0
DA:155,0
DA:156,0
DA:160,0
DA:163,6
DA:165,6
DA:166,0
DA:167,0
DA:168,0
DA:169,0
DA:170,0
DA:173,18
DA:175,6
DA:176,6
DA:177,6
DA:178,6
DA:180,12
DA:181,12
DA:182,0
DA:183,0
DA:184,0
DA:185,0
DA:186,0
DA:187,0
DA:191,0
DA:192,0
DA:193,0
DA:199,24
DA:200,12
DA:201,18
DA:203,12
DA:204,32
DA:205,78
DA:206,130
DA:207,78
DA:209,12
DA:211,0
DA:212,0
DA:213,0
DA:217,0
DA:220,0
LF:127
LH:50
end_of_record
TN:
SF:/Users/gd/workspace/rust/metorex/src/vm/native_methods/string_methods.rs
FN:13,VirtualMachine::call_string_method
FNF:1
FNDA:188,VirtualMachine::call_string_method
DA:13,188
DA:20,188
DA:21,188
DA:22,14
DA:23,0
DA:24,0
DA:25,0
DA:26,0
DA:27,0
DA:30,28
DA:31,14
DA:33,0
DA:36,174
DA:37,16
DA:38,0
DA:39,0
DA:40,0
DA:41,0
DA:42,0
DA:45,32
DA:46,32
DA:48,0
DA:51,158
DA:52,12
DA:53,0
DA:54,0
DA:55,0
DA:56,0
DA:57,0
DA:60,24
DA:61,24
DA:63,0
DA:66,146
DA:67,0
DA:68,0
DA:69,0
DA:70,0
DA:71,0
DA:72,0
DA:75,0
DA:76,0
DA:77,0
DA:78,0
DA:80,0
DA:81,0
DA:82,0
DA:83,0
DA:84,0
DA:88,146
DA:89,12
DA:90,0
DA:91,0
DA:92,0
DA:93,0
DA:94,0
DA:97,24
DA:98,24
DA:100,0
DA:103,134
DA:104,14
DA:105,0
DA:106,0
DA:107,0
DA:108,0
DA:109,0
DA:112,28
DA:113,70
DA:114,14
DA:116,0
DA:119,120
DA:120,4
DA:121,0
DA:122,0
DA:123,0
DA:124,0
DA:125,0
DA:128,8
DA:129,12
DA:131,28
DA:133,8
DA:135,0
DA:138,116
DA:139,4
DA:140,0
DA:141,0
DA:142,0
DA:143,0
DA:144,0
DA:147,8
DA:148,12
DA:150,12
DA:152,8
DA:154,0
DA:157,112
DA:158,8
DA:159,0
DA:160,0
DA:161,0
DA:162,0
DA:163,0
DA:166,16
DA:167,8
DA:169,0
DA:172,104
DA:173,8
DA:174,0
DA:175,0
DA:176,0
DA:177,0
DA:178,0
DA:181,16
DA:182,16
DA:184,0
DA:187,96
DA:188,16
DA:189,0
DA:190,0
DA:191,0
DA:192,0
DA:193,0
DA:196,32
DA:197,64
DA:198,4
DA:200,28
DA:203,12
DA:204,36
DA:205,24
DA:206,108
DA:209,0
DA:210,0
DA:211,0
DA:212,0
DA:213,0
DA:218,32
DA:220,0
DA:223,140
DA:224,20
DA:225,0
DA:226,0
DA:227,0
DA:228,0
DA:229,0
DA:232,40
DA:233,80
DA:234,60
DA:236,0
DA:237,0
DA:238,0
DA:239,0
DA:240,0
DA:244,80
DA:245,40
DA:246,40
DA:247,8
DA:249,24
DA:251,80
DA:252,40
DA:253,0
DA:255,40
DA:256,140
DA:257,20
DA:260,0
DA:263,104
DA:264,24
DA:265,0
DA:266,0
DA:267,0
DA:268,0
DA:269,0
DA:272,48
DA:273,24
DA:274,24
DA:275,72
DA:277,0
DA:278,0
DA:279,0
DA:280,0
DA:281,0
DA:285,0
DA:288,36
DA:289,16
DA:290,0
DA:291,0
DA:292,0
DA:293,0
DA:294,0
DA:297,32
DA:298,16
DA:299,32
DA:300,48
DA:302,0
DA:303,0
DA:304,0
DA:305,0
DA:306,0
DA:310,0
DA:313,20
DA:314,16
DA:315,0
DA:316,0
DA:317,0
DA:318,0
DA:319,0
DA:322,32
DA:323,16
DA:324,16
DA:325,48
DA:327,0
DA:328,0
DA:329,0
DA:330,0
DA:331,0
DA:335,0
DA:338,4
DA:340,2
DA:341,0
DA:342,0
DA:343,0
DA:344,0
DA:345,0
DA:348,6
DA:349,4
DA:350,0
DA:351,0
DA:352,0
DA:353,0
DA:354,0
DA:355,0
DA:359,0
DA:360,0
DA:361,0
DA:365,4
DA:366,14
DA:367,48
DA:368,36
DA:369,48
DA:371,2
DA:373,0
DA:376,2
LF:239
LH:99
end_of_record
TN:
SF:/Users/gd/workspace/rust/metorex/src/vm/operators.rs
FN:19,VirtualMachine::evaluate_unary_operation
FN:43,VirtualMachine::evaluate_binary_operation
FN:76,VirtualMachine::evaluate_addition
FN:97,VirtualMachine::evaluate_numeric_binary
FN:188,VirtualMachine::evaluate_comparison
FNF:5
FNDA:48,VirtualMachine::evaluate_unary_operation
FNDA:2064,VirtualMachine::evaluate_binary_operation
FNDA:604,VirtualMachine::evaluate_addition
FNDA:666,VirtualMachine::evaluate_numeric_binary
FNDA:230,VirtualMachine::evaluate_comparison
DA:19,48
DA:25,48
DA:26,0
DA:27,0
DA:28,0
DA:30,16
DA:31,32
DA:32,0
DA:33,0
DA:35,12
DA:36,32
DA:43,2064
DA:52,2064
DA:53,3020
DA:55,3996
DA:57,1128
DA:58,0
DA:60,1380
DA:62,0
DA:63,0
DA:64,0
DA:67,0
DA:68,0
DA:69,0
DA:76,604
DA:82,1208
DA:83,1494
DA:84,18
DA:85,6
DA:86,0
DA:87,188
DA:88,282
DA:89,282
DA:90,94
DA:92,24
DA:97,666
DA:104,1332
DA:105,1980
DA:106,4
DA:107,222
DA:109,6
DA:110,4
DA:111,2
DA:112,2
DA:114,0
DA:118,428
DA:119,0
DA:121,428
DA:126,6
DA:127,0
DA:128,2
DA:130,0
DA:131,0
DA:133,0
DA:137,0
DA:138,0
DA:140,0
DA:145,6
DA:146,0
DA:147,0
DA:149,2
DA:150,0
DA:152,2
DA:156,0
DA:157,0
DA:159,0
DA:164,6
DA:165,0
DA:166,0
DA:168,2
DA:169,0
DA:171,2
DA:175,0
DA:176,0
DA:178,0
DA:183,0
DA:188,230
DA:195,920
DA:196,690
DA:197,0
DA:198,0
DA:199,0
DA:200,0
DA:201,0
DA:205,460
DA:206,142
DA:207,62
DA:208,0
DA:209,26
DA:213,230
LF:90
LH:49
end_of_record
TN:
SF:/Users/gd/workspace/rust/metorex/src/vm/pattern_matching.rs
FN:19,VirtualMachine::execute_match
FN:81,VirtualMachine::execute_case_in
FN:133,VirtualMachine::match_pattern
FN:302,VirtualMachine::match_array_pattern
FN:380,VirtualMachine::match_object_pattern
FN:404,VirtualMachine::apply_pattern_bindings
FN:414,VirtualMachine::evaluate_guard_with_bindings
FN:437,VirtualMachine::evaluate_case_expression
FNF:8
FNDA:144,VirtualMachine::execute_match
FNDA:24,VirtualMachine::execute_case_in
FNDA:782,VirtualMachine::match_pattern
FNDA:44,VirtualMachine::match_array_pattern
FNDA:4,VirtualMachine::match_object_pattern
FNDA:318,VirtualMachine::apply_pattern_bindings
FNDA:310,VirtualMachine::evaluate_guard_with_bindings
FNDA:160,VirtualMachine::evaluate_case_expression
DA:19,144
DA:26,576
DA:29,378
DA:31,702
DA:32,1404
DA:34,710
DA:35,2
DA:39,280
DA:40,420
DA:43,280
DA:44,302
DA:46,310
DA:47,592
DA:48,148
DA:52,42
DA:53,14
DA:54,0
DA:55,0
DA:56,0
DA:61,280
DA:65,140
DA:66,140
DA:67,140
DA:73,8
DA:74,8
DA:75,4
DA:81,24
DA:87,96
DA:89,60
DA:90,108
DA:91,216
DA:92,120
DA:93,0
DA:96,48
DA:97,72
DA:99,48
DA:100,56
DA:101,64
DA:102,128
DA:103,32
DA:105,0
DA:106,0
DA:107,0
DA:108,0
DA:109,0
DA:114,48
DA:115,24
DA:116,24
DA:117,24
DA:122,0
DA:123,0
DA:124,0
DA:125,0
DA:127,0
DA:133,782
DA:142,782
DA:144,624
DA:145,624
DA:146,0
DA:148,4
DA:149,2
DA:151,2
DA:153,0
DA:155,100
DA:156,150
DA:157,0
DA:159,4
DA:160,4
DA:161,0
DA:163,2
DA:166,100
DA:167,600
DA:168,100
DA:172,32
DA:175,88
DA:176,44
DA:177,88
DA:178,264
DA:180,0
DA:184,0
DA:185,0
DA:186,0
DA:190,8
DA:191,4
DA:192,8
DA:193,24
DA:195,0
DA:199,116
DA:200,348
DA:203,232
DA:205,194
DA:208,162
DA:209,50
DA:210,48
DA:211,28
DA:212,44
DA:213,30
DA:214,10
DA:215,10
DA:216,10
DA:217,10
DA:218,10
DA:219,10
DA:223,16
DA:224,12
DA:225,6
DA:227,4
DA:232,116
DA:237,70
DA:238,234
DA:241,328
DA:242,984
DA:244,102
DA:245,34
DA:249,36
DA:254,56
DA:255,168
DA:256,144
DA:257,24
DA:259,4
DA:265,20
DA:266,20
DA:267,20
DA:270,40
DA:271,40
DA:272,0
DA:273,0
DA:277,40
DA:278,40
DA:279,0
DA:280,0
DA:284,40
DA:285,40
DA:286,0
DA:287,0
DA:290,40
DA:291,16
DA:293,20
DA:296,20
DA:302,44
DA:312,88
DA:313,356
DA:314,212
DA:315,24
DA:316,0
DA:317,0
DA:318,0
DA:321,12
DA:325,56
DA:327,24
DA:328,24
DA:329,48
DA:332,24
DA:333,0
DA:337,60
DA:338,72
DA:339,0
DA:344,24
DA:345,48
DA:346,44
DA:347,24
DA:348,0
DA:353,36
DA:354,72
DA:355,36
DA:356,36
DA:357,24
DA:361,12
DA:364,96
DA:365,0
DA:369,328
DA:370,504
DA:371,0
DA:375,32
DA:380,4
DA:388,20
DA:389,16
DA:390,8
DA:391,48
DA:392,0
DA:395,0
DA:399,4
DA:404,318
DA:405,756
DA:406,730
DA:414,310
DA:419,322
DA:421,24
DA:422,36
DA:424,48
DA:425,24
DA:428,12
DA:431,298
DA:437,160
DA:445,640
DA:448,372
DA:450,636
DA:451,1272
DA:453,720
DA:454,2
DA:458,284
DA:459,426
DA:461,568
DA:462,284
DA:464,142
DA:469,28
DA:470,30
DA:472,8
LF:208
LH:169
end_of_record
TN:
SF:/Users/gd/workspace/rust/metorex/src/vm/statement.rs
FN:16,VirtualMachine::execute_statement
FN:154,VirtualMachine::execute_block
FN:165,VirtualMachine::execute_statements_internal
FN:179,VirtualMachine::assign_value
FNF:4
FNDA:4474,VirtualMachine::execute_statement
FNDA:0,VirtualMachine::execute_block
FNDA:670,VirtualMachine::execute_statements_internal
FNDA:2222,VirtualMachine::assign_value
DA:16,4474
DA:20,4474
DA:22,492
DA:23,492
DA:25,1968
DA:29,922
DA:30,4
DA:32,0
DA:33,0
DA:36,462
DA:39,2228
DA:40,2228
DA:43,8912
DA:44,8890
DA:45,2220
DA:47,200
DA:48,200
DA:49,392
DA:50,2
DA:52,100
DA:53,100
DA:54,100
DA:57,156
DA:58,78
DA:60,48
DA:61,24
DA:64,0
DA:66,0
DA:68,640
DA:69,640
DA:70,640
DA:71,640
DA:73,3840
DA:75,18
DA:76,18
DA:77,18
DA:79,90
DA:81,24
DA:82,24
DA:84,96
DA:86,32
DA:87,32
DA:88,32
DA:89,32
DA:90,192
DA:92,278
DA:93,278
DA:94,278
DA:95,278
DA:96,1946
DA:99,0
DA:102,108
DA:103,108
DA:104,108
DA:105,108
DA:106,108
DA:107,756
DA:109,108
DA:110,108
DA:111,432
DA:113,144
DA:114,144
DA:115,144
DA:116,720
DA:118,24
DA:119,24
DA:120,24
DA:121,120
DA:123,148
DA:124,148
DA:125,148
DA:126,148
DA:127,888
DA:128,0
DA:129,0
DA:130,0
DA:132,0
DA:133,0
DA:134,0
DA:138,28
DA:139,28
DA:140,28
DA:141,140
DA:143,0
DA:144,0
DA:145,0
DA:147,0
DA:148,0
DA:149,0
DA:154,0
DA:158,0
DA:159,0
DA:160,0
DA:161,0
DA:165,670
DA:169,1626
DA:170,2896
DA:171,700
DA:172,456
DA:175,414
DA:179,2222
DA:184,2222
DA:185,1854
DA:186,8856
DA:187,5760
DA:189,1854
DA:191,556
DA:193,834
DA:194,278
DA:195,556
DA:196,1112
DA:197,278
DA:199,0
DA:200,0
DA:201,0
DA:203,0
DA:204,0
DA:205,0
DA:206,0
DA:208,0
DA:212,8
DA:215,12
DA:216,4
DA:217,8
DA:218,16
DA:219,4
DA:221,0
DA:222,0
DA:223,0
DA:225,0
DA:226,0
DA:227,0
DA:229,0
DA:230,0
DA:231,0
DA:232,0
DA:234,0
DA:239,28
DA:240,28
DA:241,28
DA:244,112
DA:245,112
DA:247,28
DA:248,8
DA:250,16
DA:251,16
DA:252,16
DA:253,24
DA:255,16
DA:256,0
DA:257,0
DA:258,0
DA:261,16
DA:262,8
DA:264,0
DA:265,0
DA:266,0
DA:270,12
DA:272,24
DA:273,36
DA:274,0
DA:275,0
DA:276,0
DA:277,0
DA:279,0
DA:280,0
DA:281,0
DA:285,24
DA:286,36
DA:287,12
DA:289,8
DA:291,24
DA:292,24
DA:293,16
DA:294,8
DA:295,8
DA:296,8
DA:297,24
DA:298,8
DA:300,8
DA:302,0
DA:303,0
DA:304,0
DA:308,0
DA:309,0
DA:310,0
DA:315,34
DA:316,34
DA:317,34
DA:318,34
DA:322,68
DA:324,68
DA:325,136
DA:328,34
DA:329,34
DA:330,102
DA:331,102
DA:332,136
DA:333,136
DA:334,34
DA:335,34
DA:337,68
DA:338,68
DA:339,34
DA:340,34
DA:341,34
DA:342,68
DA:343,34
DA:345,34
DA:347,0
DA:348,0
DA:349,0
DA:353,0
DA:354,0
DA:355,0
DA:356,0
DA:357,0
DA:359,0
DA:363,0
DA:364,0
DA:365,0
DA:369,22
DA:370,110
DA:371,22
DA:373,2
LF:225
LH:153
end_of_record
TN:
SF:/Users/gd/workspace/rust/metorex/src/vm/utils.rs
FN:10,position_to_location
FN:15,format_exception
FN:26,object_to_dict_key
FN:40,is_truthy
FNF:4
FNDA:856,position_to_location
FNDA:38,format_exception
FNDA:152,object_to_dict_key
FNDA:960,is_truthy
DA:10,856
DA:11,3424
DA:15,38
DA:16,38
DA:17,38
DA:18,76
DA:19,114
DA:21,0
DA:26,152
DA:27,152
DA:28,304
DA:29,0
DA:30,0
DA:31,0
DA:32,0
DA:33,0
DA:34,0
DA:40,960
DA:41,1354
LF:19
LH:12
end_of_record
